{"/Users/hariskurspahic/Desktop/Master/Semester_1/KV_Advanced_Service_Engineering/leasing-calculator/backend/src/app.ts": {"path":"/Users/hariskurspahic/Desktop/Master/Semester_1/KV_Advanced_Service_Engineering/leasing-calculator/backend/src/app.ts","statementMap":{"0":{"start":{"line":1,"column":0},"end":{"line":1,"column":30}},"1":{"start":{"line":2,"column":0},"end":{"line":2,"column":30}},"2":{"start":{"line":3,"column":0},"end":{"line":3,"column":24}},"3":{"start":{"line":4,"column":0},"end":{"line":4,"column":28}},"4":{"start":{"line":5,"column":0},"end":{"line":5,"column":30}},"5":{"start":{"line":6,"column":0},"end":{"line":6,"column":57}},"6":{"start":{"line":7,"column":0},"end":{"line":7,"column":43}},"7":{"start":{"line":8,"column":0},"end":{"line":8,"column":41}},"8":{"start":{"line":10,"column":12},"end":{"line":10,"column":21}},"9":{"start":{"line":12,"column":0},"end":{"line":12,"column":18}},"10":{"start":{"line":13,"column":0},"end":{"line":13,"column":78}},"11":{"start":{"line":14,"column":0},"end":{"line":14,"column":24}},"12":{"start":{"line":16,"column":20},"end":{"line":31,"column":2}},"13":{"start":{"line":33,"column":0},"end":{"line":33,"column":68}},"14":{"start":{"line":34,"column":0},"end":{"line":34,"column":24}},"15":{"start":{"line":35,"column":0},"end":{"line":35,"column":22}},"16":{"start":{"line":37,"column":0},"end":{"line":37,"column":19}}},"fnMap":{},"branchMap":{"0":{"loc":{"start":{"line":13,"column":23},"end":{"line":13,"column":73}},"type":"binary-expr","locations":[{"start":{"line":13,"column":23},"end":{"line":13,"column":46}},{"start":{"line":13,"column":50},"end":{"line":13,"column":73}}]}},"s":{"0":1,"1":1,"2":1,"3":1,"4":1,"5":1,"6":1,"7":1,"8":1,"9":1,"10":1,"11":1,"12":1,"13":1,"14":1,"15":1,"16":1},"f":{},"b":{"0":[1,1]}}
,"/Users/hariskurspahic/Desktop/Master/Semester_1/KV_Advanced_Service_Engineering/leasing-calculator/backend/src/controllers/admin.controller.ts": {"path":"/Users/hariskurspahic/Desktop/Master/Semester_1/KV_Advanced_Service_Engineering/leasing-calculator/backend/src/controllers/admin.controller.ts","statementMap":{"0":{"start":{"line":8,"column":0},"end":{"line":8,"column":7}},"1":{"start":{"line":13,"column":0},"end":{"line":13,"column":7}},"2":{"start":{"line":22,"column":0},"end":{"line":22,"column":7}},"3":{"start":{"line":27,"column":0},"end":{"line":27,"column":7}},"4":{"start":{"line":37,"column":0},"end":{"line":37,"column":7}},"5":{"start":{"line":46,"column":0},"end":{"line":46,"column":7}},"6":{"start":{"line":51,"column":0},"end":{"line":51,"column":7}},"7":{"start":{"line":56,"column":0},"end":{"line":56,"column":7}},"8":{"start":{"line":61,"column":0},"end":{"line":61,"column":7}},"9":{"start":{"line":2,"column":0},"end":{"line":2,"column":57}},"10":{"start":{"line":3,"column":0},"end":{"line":3,"column":53}},"11":{"start":{"line":5,"column":21},"end":{"line":5,"column":39}},"12":{"start":{"line":6,"column":19},"end":{"line":6,"column":35}},"13":{"start":{"line":9,"column":20},"end":{"line":9,"column":63}},"14":{"start":{"line":10,"column":2},"end":{"line":10,"column":22}},"15":{"start":{"line":14,"column":19},"end":{"line":14,"column":77}},"16":{"start":{"line":15,"column":2},"end":{"line":18,"column":3}},"17":{"start":{"line":16,"column":4},"end":{"line":16,"column":58}},"18":{"start":{"line":17,"column":4},"end":{"line":17,"column":11}},"19":{"start":{"line":19,"column":2},"end":{"line":19,"column":21}},"20":{"start":{"line":23,"column":19},"end":{"line":23,"column":99}},"21":{"start":{"line":24,"column":2},"end":{"line":24,"column":21}},"22":{"start":{"line":28,"column":21},"end":{"line":28,"column":29}},"23":{"start":{"line":29,"column":2},"end":{"line":32,"column":3}},"24":{"start":{"line":30,"column":4},"end":{"line":30,"column":75}},"25":{"start":{"line":31,"column":4},"end":{"line":31,"column":11}},"26":{"start":{"line":33,"column":19},"end":{"line":33,"column":88}},"27":{"start":{"line":34,"column":2},"end":{"line":34,"column":21}},"28":{"start":{"line":38,"column":24},"end":{"line":38,"column":87}},"29":{"start":{"line":39,"column":2},"end":{"line":42,"column":3}},"30":{"start":{"line":40,"column":4},"end":{"line":40,"column":70}},"31":{"start":{"line":41,"column":4},"end":{"line":41,"column":11}},"32":{"start":{"line":43,"column":2},"end":{"line":43,"column":26}},"33":{"start":{"line":47,"column":15},"end":{"line":47,"column":52}},"34":{"start":{"line":48,"column":2},"end":{"line":48,"column":17}},"35":{"start":{"line":52,"column":17},"end":{"line":52,"column":47}},"36":{"start":{"line":53,"column":2},"end":{"line":53,"column":19}},"37":{"start":{"line":57,"column":17},"end":{"line":57,"column":76}},"38":{"start":{"line":58,"column":2},"end":{"line":58,"column":19}},"39":{"start":{"line":62,"column":24},"end":{"line":62,"column":87}},"40":{"start":{"line":63,"column":2},"end":{"line":66,"column":3}},"41":{"start":{"line":64,"column":4},"end":{"line":64,"column":70}},"42":{"start":{"line":65,"column":4},"end":{"line":65,"column":11}},"43":{"start":{"line":67,"column":2},"end":{"line":67,"column":51}},"44":{"start":{"line":68,"column":2},"end":{"line":71,"column":4}},"45":{"start":{"line":72,"column":2},"end":{"line":72,"column":64}}},"fnMap":{"0":{"name":"listAllContracts","decl":{"start":{"line":8,"column":22},"end":{"line":8,"column":38}},"loc":{"start":{"line":8,"column":66},"end":{"line":11,"column":1}}},"1":{"name":"getContractAdmin","decl":{"start":{"line":13,"column":22},"end":{"line":13,"column":38}},"loc":{"start":{"line":13,"column":66},"end":{"line":20,"column":1}}},"2":{"name":"approveContract","decl":{"start":{"line":22,"column":22},"end":{"line":22,"column":37}},"loc":{"start":{"line":22,"column":65},"end":{"line":25,"column":1}}},"3":{"name":"rejectContract","decl":{"start":{"line":27,"column":22},"end":{"line":27,"column":36}},"loc":{"start":{"line":27,"column":64},"end":{"line":35,"column":1}}},"4":{"name":"getProfitability","decl":{"start":{"line":37,"column":22},"end":{"line":37,"column":38}},"loc":{"start":{"line":37,"column":66},"end":{"line":44,"column":1}}},"5":{"name":"getDashboard","decl":{"start":{"line":46,"column":22},"end":{"line":46,"column":34}},"loc":{"start":{"line":46,"column":63},"end":{"line":49,"column":1}}},"6":{"name":"getConfig","decl":{"start":{"line":51,"column":22},"end":{"line":51,"column":31}},"loc":{"start":{"line":51,"column":60},"end":{"line":54,"column":1}}},"7":{"name":"updateConfig","decl":{"start":{"line":56,"column":22},"end":{"line":56,"column":34}},"loc":{"start":{"line":56,"column":62},"end":{"line":59,"column":1}}},"8":{"name":"downloadProfitabilityPdf","decl":{"start":{"line":61,"column":22},"end":{"line":61,"column":46}},"loc":{"start":{"line":61,"column":74},"end":{"line":73,"column":1}}}},"branchMap":{"0":{"loc":{"start":{"line":15,"column":2},"end":{"line":18,"column":3}},"type":"if","locations":[{"start":{"line":15,"column":2},"end":{"line":18,"column":3}}]},"1":{"loc":{"start":{"line":29,"column":2},"end":{"line":32,"column":3}},"type":"if","locations":[{"start":{"line":29,"column":2},"end":{"line":32,"column":3}}]},"2":{"loc":{"start":{"line":39,"column":2},"end":{"line":42,"column":3}},"type":"if","locations":[{"start":{"line":39,"column":2},"end":{"line":42,"column":3}}]},"3":{"loc":{"start":{"line":63,"column":2},"end":{"line":66,"column":3}},"type":"if","locations":[{"start":{"line":63,"column":2},"end":{"line":66,"column":3}}]}},"s":{"0":1,"1":1,"2":1,"3":1,"4":1,"5":1,"6":1,"7":1,"8":1,"9":1,"10":1,"11":1,"12":1,"13":0,"14":0,"15":0,"16":0,"17":0,"18":0,"19":0,"20":1,"21":1,"22":1,"23":1,"24":0,"25":0,"26":1,"27":1,"28":0,"29":0,"30":0,"31":0,"32":0,"33":1,"34":1,"35":0,"36":0,"37":1,"38":1,"39":0,"40":0,"41":0,"42":0,"43":0,"44":0,"45":0},"f":{"0":0,"1":0,"2":1,"3":1,"4":0,"5":1,"6":0,"7":1,"8":0},"b":{"0":[0],"1":[0],"2":[0],"3":[0]}}
,"/Users/hariskurspahic/Desktop/Master/Semester_1/KV_Advanced_Service_Engineering/leasing-calculator/backend/src/controllers/auth.controller.ts": {"path":"/Users/hariskurspahic/Desktop/Master/Semester_1/KV_Advanced_Service_Engineering/leasing-calculator/backend/src/controllers/auth.controller.ts","statementMap":{"0":{"start":{"line":10,"column":0},"end":{"line":10,"column":7}},"1":{"start":{"line":39,"column":0},"end":{"line":39,"column":7}},"2":{"start":{"line":2,"column":0},"end":{"line":2,"column":46}},"3":{"start":{"line":3,"column":0},"end":{"line":3,"column":30}},"4":{"start":{"line":4,"column":0},"end":{"line":4,"column":31}},"5":{"start":{"line":8,"column":15},"end":{"line":8,"column":33}},"6":{"start":{"line":11,"column":15},"end":{"line":11,"column":66}},"7":{"start":{"line":13,"column":19},"end":{"line":13,"column":85}},"8":{"start":{"line":14,"column":2},"end":{"line":17,"column":3}},"9":{"start":{"line":15,"column":4},"end":{"line":15,"column":64}},"10":{"start":{"line":16,"column":4},"end":{"line":16,"column":11}},"11":{"start":{"line":19,"column":23},"end":{"line":19,"column":59}},"12":{"start":{"line":20,"column":19},"end":{"line":28,"column":4}},"13":{"start":{"line":30,"column":16},"end":{"line":33,"column":null}},"14":{"start":{"line":36,"column":2},"end":{"line":36,"column":50}},"15":{"start":{"line":40,"column":15},"end":{"line":40,"column":63}},"16":{"start":{"line":42,"column":19},"end":{"line":42,"column":85}},"17":{"start":{"line":43,"column":2},"end":{"line":46,"column":3}},"18":{"start":{"line":44,"column":4},"end":{"line":44,"column":59}},"19":{"start":{"line":45,"column":4},"end":{"line":45,"column":11}},"20":{"start":{"line":48,"column":16},"end":{"line":48,"column":74}},"21":{"start":{"line":49,"column":2},"end":{"line":52,"column":3}},"22":{"start":{"line":50,"column":4},"end":{"line":50,"column":59}},"23":{"start":{"line":51,"column":4},"end":{"line":51,"column":11}},"24":{"start":{"line":54,"column":16},"end":{"line":57,"column":null}},"25":{"start":{"line":60,"column":2},"end":{"line":69,"column":5}}},"fnMap":{"0":{"name":"register","decl":{"start":{"line":10,"column":22},"end":{"line":10,"column":30}},"loc":{"start":{"line":10,"column":58},"end":{"line":37,"column":1}}},"1":{"name":"login","decl":{"start":{"line":39,"column":22},"end":{"line":39,"column":27}},"loc":{"start":{"line":39,"column":55},"end":{"line":70,"column":1}}}},"branchMap":{"0":{"loc":{"start":{"line":14,"column":2},"end":{"line":17,"column":3}},"type":"if","locations":[{"start":{"line":14,"column":2},"end":{"line":17,"column":3}}]},"1":{"loc":{"start":{"line":43,"column":2},"end":{"line":46,"column":3}},"type":"if","locations":[{"start":{"line":43,"column":2},"end":{"line":46,"column":3}}]},"2":{"loc":{"start":{"line":49,"column":2},"end":{"line":52,"column":3}},"type":"if","locations":[{"start":{"line":49,"column":2},"end":{"line":52,"column":3}}]}},"s":{"0":1,"1":1,"2":1,"3":1,"4":1,"5":1,"6":2,"7":2,"8":2,"9":1,"10":1,"11":1,"12":1,"13":1,"14":1,"15":2,"16":2,"17":2,"18":1,"19":1,"20":1,"21":1,"22":0,"23":0,"24":1,"25":1},"f":{"0":2,"1":2},"b":{"0":[1],"1":[1],"2":[0]}}
,"/Users/hariskurspahic/Desktop/Master/Semester_1/KV_Advanced_Service_Engineering/leasing-calculator/backend/src/controllers/leasing.controller.ts": {"path":"/Users/hariskurspahic/Desktop/Master/Semester_1/KV_Advanced_Service_Engineering/leasing-calculator/backend/src/controllers/leasing.controller.ts","statementMap":{"0":{"start":{"line":8,"column":0},"end":{"line":8,"column":7}},"1":{"start":{"line":13,"column":0},"end":{"line":13,"column":7}},"2":{"start":{"line":18,"column":0},"end":{"line":18,"column":7}},"3":{"start":{"line":23,"column":0},"end":{"line":23,"column":7}},"4":{"start":{"line":32,"column":0},"end":{"line":32,"column":7}},"5":{"start":{"line":41,"column":0},"end":{"line":41,"column":7}},"6":{"start":{"line":50,"column":0},"end":{"line":50,"column":7}},"7":{"start":{"line":61,"column":0},"end":{"line":61,"column":7}},"8":{"start":{"line":2,"column":0},"end":{"line":2,"column":61}},"9":{"start":{"line":3,"column":0},"end":{"line":3,"column":53}},"10":{"start":{"line":5,"column":23},"end":{"line":5,"column":43}},"11":{"start":{"line":6,"column":19},"end":{"line":6,"column":35}},"12":{"start":{"line":9,"column":17},"end":{"line":9,"column":62}},"13":{"start":{"line":10,"column":2},"end":{"line":10,"column":19}},"14":{"start":{"line":14,"column":19},"end":{"line":14,"column":85}},"15":{"start":{"line":15,"column":2},"end":{"line":15,"column":33}},"16":{"start":{"line":19,"column":20},"end":{"line":19,"column":79}},"17":{"start":{"line":20,"column":2},"end":{"line":20,"column":22}},"18":{"start":{"line":24,"column":19},"end":{"line":24,"column":97}},"19":{"start":{"line":25,"column":2},"end":{"line":28,"column":3}},"20":{"start":{"line":26,"column":4},"end":{"line":26,"column":58}},"21":{"start":{"line":27,"column":4},"end":{"line":27,"column":11}},"22":{"start":{"line":29,"column":2},"end":{"line":29,"column":21}},"23":{"start":{"line":33,"column":19},"end":{"line":33,"column":97}},"24":{"start":{"line":34,"column":2},"end":{"line":37,"column":3}},"25":{"start":{"line":35,"column":4},"end":{"line":35,"column":58}},"26":{"start":{"line":36,"column":4},"end":{"line":36,"column":11}},"27":{"start":{"line":38,"column":2},"end":{"line":38,"column":21}},"28":{"start":{"line":42,"column":16},"end":{"line":42,"column":96}},"29":{"start":{"line":43,"column":2},"end":{"line":46,"column":3}},"30":{"start":{"line":44,"column":4},"end":{"line":44,"column":58}},"31":{"start":{"line":45,"column":4},"end":{"line":45,"column":11}},"32":{"start":{"line":47,"column":2},"end":{"line":47,"column":18}},"33":{"start":{"line":51,"column":19},"end":{"line":51,"column":97}},"34":{"start":{"line":52,"column":2},"end":{"line":55,"column":3}},"35":{"start":{"line":53,"column":4},"end":{"line":53,"column":58}},"36":{"start":{"line":54,"column":4},"end":{"line":54,"column":11}},"37":{"start":{"line":56,"column":2},"end":{"line":56,"column":51}},"38":{"start":{"line":57,"column":2},"end":{"line":57,"column":108}},"39":{"start":{"line":58,"column":2},"end":{"line":58,"column":54}},"40":{"start":{"line":62,"column":17},"end":{"line":65,"column":null}},"41":{"start":{"line":67,"column":2},"end":{"line":67,"column":19}}},"fnMap":{"0":{"name":"getQuote","decl":{"start":{"line":8,"column":22},"end":{"line":8,"column":30}},"loc":{"start":{"line":8,"column":58},"end":{"line":11,"column":1}}},"1":{"name":"applyForLease","decl":{"start":{"line":13,"column":22},"end":{"line":13,"column":35}},"loc":{"start":{"line":13,"column":63},"end":{"line":16,"column":1}}},"2":{"name":"listContracts","decl":{"start":{"line":18,"column":22},"end":{"line":18,"column":35}},"loc":{"start":{"line":18,"column":63},"end":{"line":21,"column":1}}},"3":{"name":"getContract","decl":{"start":{"line":23,"column":22},"end":{"line":23,"column":33}},"loc":{"start":{"line":23,"column":61},"end":{"line":30,"column":1}}},"4":{"name":"getAmortizationSchedule","decl":{"start":{"line":32,"column":22},"end":{"line":32,"column":45}},"loc":{"start":{"line":32,"column":73},"end":{"line":39,"column":1}}},"5":{"name":"getSecci","decl":{"start":{"line":41,"column":22},"end":{"line":41,"column":30}},"loc":{"start":{"line":41,"column":58},"end":{"line":48,"column":1}}},"6":{"name":"downloadContractPdf","decl":{"start":{"line":50,"column":22},"end":{"line":50,"column":41}},"loc":{"start":{"line":50,"column":69},"end":{"line":59,"column":1}}},"7":{"name":"submitCreditCheck","decl":{"start":{"line":61,"column":22},"end":{"line":61,"column":39}},"loc":{"start":{"line":61,"column":67},"end":{"line":68,"column":1}}}},"branchMap":{"0":{"loc":{"start":{"line":25,"column":2},"end":{"line":28,"column":3}},"type":"if","locations":[{"start":{"line":25,"column":2},"end":{"line":28,"column":3}}]},"1":{"loc":{"start":{"line":34,"column":2},"end":{"line":37,"column":3}},"type":"if","locations":[{"start":{"line":34,"column":2},"end":{"line":37,"column":3}}]},"2":{"loc":{"start":{"line":43,"column":2},"end":{"line":46,"column":3}},"type":"if","locations":[{"start":{"line":43,"column":2},"end":{"line":46,"column":3}}]},"3":{"loc":{"start":{"line":52,"column":2},"end":{"line":55,"column":3}},"type":"if","locations":[{"start":{"line":52,"column":2},"end":{"line":55,"column":3}}]}},"s":{"0":1,"1":1,"2":1,"3":1,"4":1,"5":1,"6":1,"7":1,"8":1,"9":1,"10":1,"11":1,"12":2,"13":1,"14":1,"15":1,"16":1,"17":1,"18":0,"19":0,"20":0,"21":0,"22":0,"23":0,"24":0,"25":0,"26":0,"27":0,"28":1,"29":1,"30":0,"31":0,"32":1,"33":0,"34":0,"35":0,"36":0,"37":0,"38":0,"39":0,"40":2,"41":2},"f":{"0":2,"1":1,"2":1,"3":0,"4":0,"5":1,"6":0,"7":2},"b":{"0":[0],"1":[0],"2":[0],"3":[0]}}
,"/Users/hariskurspahic/Desktop/Master/Semester_1/KV_Advanced_Service_Engineering/leasing-calculator/backend/src/controllers/vehicle.controller.ts": {"path":"/Users/hariskurspahic/Desktop/Master/Semester_1/KV_Advanced_Service_Engineering/leasing-calculator/backend/src/controllers/vehicle.controller.ts","statementMap":{"0":{"start":{"line":7,"column":0},"end":{"line":7,"column":7}},"1":{"start":{"line":14,"column":0},"end":{"line":14,"column":7}},"2":{"start":{"line":2,"column":0},"end":{"line":2,"column":46}},"3":{"start":{"line":3,"column":0},"end":{"line":3,"column":57}},"4":{"start":{"line":5,"column":15},"end":{"line":5,"column":33}},"5":{"start":{"line":8,"column":19},"end":{"line":10,"column":4}},"6":{"start":{"line":11,"column":2},"end":{"line":11,"column":21}},"7":{"start":{"line":15,"column":18},"end":{"line":17,"column":4}},"8":{"start":{"line":18,"column":2},"end":{"line":21,"column":3}},"9":{"start":{"line":19,"column":4},"end":{"line":19,"column":57}},"10":{"start":{"line":20,"column":4},"end":{"line":20,"column":11}},"11":{"start":{"line":23,"column":24},"end":{"line":26,"column":null}},"12":{"start":{"line":29,"column":2},"end":{"line":29,"column":42}}},"fnMap":{"0":{"name":"listVehicles","decl":{"start":{"line":7,"column":22},"end":{"line":7,"column":34}},"loc":{"start":{"line":7,"column":63},"end":{"line":12,"column":1}}},"1":{"name":"getVehicle","decl":{"start":{"line":14,"column":22},"end":{"line":14,"column":32}},"loc":{"start":{"line":14,"column":60},"end":{"line":30,"column":1}}}},"branchMap":{"0":{"loc":{"start":{"line":18,"column":2},"end":{"line":21,"column":3}},"type":"if","locations":[{"start":{"line":18,"column":2},"end":{"line":21,"column":3}}]}},"s":{"0":1,"1":1,"2":1,"3":1,"4":1,"5":1,"6":1,"7":2,"8":2,"9":1,"10":1,"11":1,"12":1},"f":{"0":1,"1":2},"b":{"0":[1]}}
,"/Users/hariskurspahic/Desktop/Master/Semester_1/KV_Advanced_Service_Engineering/leasing-calculator/backend/src/engine/AmortizationSchedule.ts": {"path":"/Users/hariskurspahic/Desktop/Master/Semester_1/KV_Advanced_Service_Engineering/leasing-calculator/backend/src/engine/AmortizationSchedule.ts","statementMap":{"0":{"start":{"line":6,"column":0},"end":{"line":6,"column":16}},"1":{"start":{"line":1,"column":0},"end":{"line":1,"column":33}},"2":{"start":{"line":13,"column":22},"end":{"line":13,"column":53}},"3":{"start":{"line":14,"column":16},"end":{"line":14,"column":32}},"4":{"start":{"line":15,"column":30},"end":{"line":15,"column":32}},"5":{"start":{"line":17,"column":2},"end":{"line":36,"column":3}},"6":{"start":{"line":17,"column":15},"end":{"line":17,"column":16}},"7":{"start":{"line":22,"column":21},"end":{"line":22,"column":60}},"8":{"start":{"line":23,"column":22},"end":{"line":23,"column":58}},"9":{"start":{"line":24,"column":32},"end":{"line":24,"column":56}},"10":{"start":{"line":26,"column":4},"end":{"line":33,"column":7}},"11":{"start":{"line":35,"column":4},"end":{"line":35,"column":34}},"12":{"start":{"line":38,"column":2},"end":{"line":38,"column":14}}},"fnMap":{"0":{"name":"generateSchedule","decl":{"start":{"line":6,"column":16},"end":{"line":6,"column":32}},"loc":{"start":{"line":11,"column":23},"end":{"line":39,"column":1}}}},"branchMap":{},"s":{"0":3,"1":3,"2":15,"3":15,"4":15,"5":15,"6":15,"7":540,"8":540,"9":540,"10":540,"11":540,"12":15},"f":{"0":15},"b":{}}
,"/Users/hariskurspahic/Desktop/Master/Semester_1/KV_Advanced_Service_Engineering/leasing-calculator/backend/src/engine/EffectiveRateCalculator.ts": {"path":"/Users/hariskurspahic/Desktop/Master/Semester_1/KV_Advanced_Service_Engineering/leasing-calculator/backend/src/engine/EffectiveRateCalculator.ts","statementMap":{"0":{"start":{"line":5,"column":0},"end":{"line":5,"column":16}},"1":{"start":{"line":1,"column":0},"end":{"line":1,"column":33}},"2":{"start":{"line":12,"column":10},"end":{"line":12,"column":15}},"3":{"start":{"line":14,"column":2},"end":{"line":34,"column":3}},"4":{"start":{"line":14,"column":18},"end":{"line":14,"column":19}},"5":{"start":{"line":15,"column":13},"end":{"line":15,"column":14}},"6":{"start":{"line":16,"column":14},"end":{"line":16,"column":15}},"7":{"start":{"line":18,"column":4},"end":{"line":22,"column":5}},"8":{"start":{"line":18,"column":17},"end":{"line":18,"column":18}},"9":{"start":{"line":19,"column":19},"end":{"line":19,"column":37}},"10":{"start":{"line":20,"column":6},"end":{"line":20,"column":34}},"11":{"start":{"line":21,"column":6},"end":{"line":21,"column":53}},"12":{"start":{"line":24,"column":18},"end":{"line":24,"column":45}},"13":{"start":{"line":25,"column":4},"end":{"line":25,"column":32}},"14":{"start":{"line":26,"column":4},"end":{"line":26,"column":60}},"15":{"start":{"line":28,"column":14},"end":{"line":28,"column":39}},"16":{"start":{"line":29,"column":15},"end":{"line":29,"column":19}},"17":{"start":{"line":30,"column":17},"end":{"line":30,"column":27}},"18":{"start":{"line":32,"column":4},"end":{"line":32,"column":41}},"19":{"start":{"line":32,"column":35},"end":{"line":32,"column":41}},"20":{"start":{"line":33,"column":4},"end":{"line":33,"column":13}},"21":{"start":{"line":37,"column":2},"end":{"line":37,"column":62}}},"fnMap":{"0":{"name":"calculateEffectiveRate","decl":{"start":{"line":5,"column":16},"end":{"line":5,"column":38}},"loc":{"start":{"line":10,"column":28},"end":{"line":38,"column":1}}}},"branchMap":{"0":{"loc":{"start":{"line":10,"column":2},"end":{"line":10,"column":28}},"type":"default-arg","locations":[{"start":{"line":10,"column":27},"end":{"line":10,"column":28}}]},"1":{"loc":{"start":{"line":32,"column":4},"end":{"line":32,"column":41}},"type":"if","locations":[{"start":{"line":32,"column":4},"end":{"line":32,"column":41}}]}},"s":{"0":2,"1":2,"2":11,"3":11,"4":11,"5":36,"6":36,"7":36,"8":36,"9":1776,"10":1776,"11":1776,"12":36,"13":36,"14":36,"15":36,"16":36,"17":36,"18":36,"19":11,"20":25,"21":11},"f":{"0":11},"b":{"0":[1],"1":[11]}}
,"/Users/hariskurspahic/Desktop/Master/Semester_1/KV_Advanced_Service_Engineering/leasing-calculator/backend/src/engine/LeasingEngine.ts": {"path":"/Users/hariskurspahic/Desktop/Master/Semester_1/KV_Advanced_Service_Engineering/leasing-calculator/backend/src/engine/LeasingEngine.ts","statementMap":{"0":{"start":{"line":7,"column":0},"end":{"line":7,"column":16}},"1":{"start":{"line":16,"column":0},"end":{"line":16,"column":16}},"2":{"start":{"line":30,"column":0},"end":{"line":30,"column":16}},"3":{"start":{"line":48,"column":0},"end":{"line":48,"column":16}},"4":{"start":{"line":73,"column":0},"end":{"line":73,"column":16}},"5":{"start":{"line":77,"column":0},"end":{"line":77,"column":16}},"6":{"start":{"line":100,"column":0},"end":{"line":100,"column":16}},"7":{"start":{"line":108,"column":0},"end":{"line":108,"column":16}},"8":{"start":{"line":114,"column":0},"end":{"line":114,"column":16}},"9":{"start":{"line":1,"column":0},"end":{"line":1,"column":33}},"10":{"start":{"line":8,"column":2},"end":{"line":13,"column":16}},"11":{"start":{"line":17,"column":2},"end":{"line":25,"column":16}},"12":{"start":{"line":35,"column":12},"end":{"line":35,"column":64}},"13":{"start":{"line":36,"column":13},"end":{"line":36,"column":30}},"14":{"start":{"line":37,"column":18},"end":{"line":37,"column":28}},"15":{"start":{"line":40,"column":13},"end":{"line":40,"column":67}},"16":{"start":{"line":42,"column":13},"end":{"line":42,"column":22}},"17":{"start":{"line":44,"column":2},"end":{"line":44,"column":65}},"18":{"start":{"line":54,"column":12},"end":{"line":54,"column":64}},"19":{"start":{"line":55,"column":13},"end":{"line":55,"column":30}},"20":{"start":{"line":56,"column":18},"end":{"line":56,"column":28}},"21":{"start":{"line":58,"column":15},"end":{"line":58,"column":31}},"22":{"start":{"line":59,"column":14},"end":{"line":59,"column":40}},"23":{"start":{"line":62,"column":13},"end":{"line":63,"column":27}},"24":{"start":{"line":65,"column":13},"end":{"line":65,"column":22}},"25":{"start":{"line":67,"column":2},"end":{"line":67,"column":65}},"26":{"start":{"line":71,"column":13},"end":{"line":71,"column":42}},"27":{"start":{"line":74,"column":2},"end":{"line":74,"column":84}},"28":{"start":{"line":82,"column":2},"end":{"line":84,"column":3}},"29":{"start":{"line":83,"column":4},"end":{"line":83,"column":80}},"30":{"start":{"line":86,"column":2},"end":{"line":86,"column":92}},"31":{"start":{"line":90,"column":13},"end":{"line":98,"column":11}},"32":{"start":{"line":101,"column":14},"end":{"line":101,"column":68}},"33":{"start":{"line":102,"column":14},"end":{"line":102,"column":67}},"34":{"start":{"line":103,"column":2},"end":{"line":103,"column":115}},"35":{"start":{"line":103,"column":24},"end":{"line":103,"column":115}},"36":{"start":{"line":104,"column":2},"end":{"line":104,"column":114}},"37":{"start":{"line":104,"column":24},"end":{"line":104,"column":114}},"38":{"start":{"line":105,"column":2},"end":{"line":105,"column":14}},"39":{"start":{"line":109,"column":14},"end":{"line":109,"column":88}},"40":{"start":{"line":110,"column":2},"end":{"line":110,"column":82}},"41":{"start":{"line":110,"column":28},"end":{"line":110,"column":82}},"42":{"start":{"line":111,"column":2},"end":{"line":111,"column":14}},"43":{"start":{"line":120,"column":16},"end":{"line":120,"column":82}},"44":{"start":{"line":121,"column":14},"end":{"line":121,"column":97}},"45":{"start":{"line":122,"column":2},"end":{"line":122,"column":80}},"46":{"start":{"line":122,"column":19},"end":{"line":122,"column":80}},"47":{"start":{"line":123,"column":2},"end":{"line":123,"column":14}}},"fnMap":{"0":{"name":"calculateGIK","decl":{"start":{"line":7,"column":16},"end":{"line":7,"column":28}},"loc":{"start":{"line":7,"column":44},"end":{"line":14,"column":1}}},"1":{"name":"calculateNominalRate","decl":{"start":{"line":16,"column":16},"end":{"line":16,"column":36}},"loc":{"start":{"line":16,"column":63},"end":{"line":26,"column":1}}},"2":{"name":"calculateFullAmortizationPayment","decl":{"start":{"line":30,"column":16},"end":{"line":30,"column":48}},"loc":{"start":{"line":33,"column":20},"end":{"line":45,"column":1}}},"3":{"name":"calculatePartialAmortizationPayment","decl":{"start":{"line":48,"column":16},"end":{"line":48,"column":51}},"loc":{"start":{"line":52,"column":20},"end":{"line":68,"column":1}}},"4":{"name":"calculateOperatingLeaseResidual","decl":{"start":{"line":73,"column":16},"end":{"line":73,"column":47}},"loc":{"start":{"line":73,"column":59},"end":{"line":75,"column":1}}},"5":{"name":"calculateContractStampDuty","decl":{"start":{"line":77,"column":16},"end":{"line":77,"column":42}},"loc":{"start":{"line":80,"column":25},"end":{"line":87,"column":1}}},"6":{"name":"validateTermMonths","decl":{"start":{"line":100,"column":16},"end":{"line":100,"column":34}},"loc":{"start":{"line":100,"column":79},"end":{"line":106,"column":1}}},"7":{"name":"validateAdvancePayment","decl":{"start":{"line":108,"column":16},"end":{"line":108,"column":38}},"loc":{"start":{"line":108,"column":89},"end":{"line":112,"column":1}}},"8":{"name":"validateOwnContribution","decl":{"start":{"line":114,"column":16},"end":{"line":114,"column":39}},"loc":{"start":{"line":118,"column":28},"end":{"line":124,"column":1}}}},"branchMap":{"0":{"loc":{"start":{"line":11,"column":10},"end":{"line":11,"column":40}},"type":"binary-expr","locations":[{"start":{"line":11,"column":10},"end":{"line":11,"column":35}},{"start":{"line":11,"column":39},"end":{"line":11,"column":40}}]},"1":{"loc":{"start":{"line":82,"column":2},"end":{"line":84,"column":3}},"type":"if","locations":[{"start":{"line":82,"column":2},"end":{"line":84,"column":3}}]},"2":{"loc":{"start":{"line":86,"column":21},"end":{"line":86,"column":40}},"type":"binary-expr","locations":[{"start":{"line":86,"column":21},"end":{"line":86,"column":35}},{"start":{"line":86,"column":39},"end":{"line":86,"column":40}}]},"3":{"loc":{"start":{"line":103,"column":2},"end":{"line":103,"column":115}},"type":"if","locations":[{"start":{"line":103,"column":2},"end":{"line":103,"column":115}}]},"4":{"loc":{"start":{"line":104,"column":2},"end":{"line":104,"column":114}},"type":"if","locations":[{"start":{"line":104,"column":2},"end":{"line":104,"column":114}}]},"5":{"loc":{"start":{"line":110,"column":2},"end":{"line":110,"column":82}},"type":"if","locations":[{"start":{"line":110,"column":2},"end":{"line":110,"column":82}}]},"6":{"loc":{"start":{"line":122,"column":2},"end":{"line":122,"column":80}},"type":"if","locations":[{"start":{"line":122,"column":2},"end":{"line":122,"column":80}}]}},"s":{"0":2,"1":2,"2":2,"3":2,"4":2,"5":2,"6":2,"7":2,"8":2,"9":2,"10":6,"11":4,"12":8,"13":8,"14":8,"15":8,"16":8,"17":8,"18":2,"19":2,"20":2,"21":2,"22":2,"23":2,"24":2,"25":2,"26":2,"27":4,"28":3,"29":1,"30":2,"31":2,"32":7,"33":7,"34":7,"35":1,"36":6,"37":1,"38":5,"39":5,"40":5,"41":2,"42":3,"43":4,"44":4,"45":4,"46":1,"47":3},"f":{"0":6,"1":4,"2":8,"3":2,"4":4,"5":3,"6":7,"7":5,"8":4},"b":{"0":[6,5],"1":[1],"2":[2,1],"3":[1],"4":[1],"5":[2],"6":[1]}}
,"/Users/hariskurspahic/Desktop/Master/Semester_1/KV_Advanced_Service_Engineering/leasing-calculator/backend/src/engine/NovaCalculator.ts": {"path":"/Users/hariskurspahic/Desktop/Master/Semester_1/KV_Advanced_Service_Engineering/leasing-calculator/backend/src/engine/NovaCalculator.ts","statementMap":{"0":{"start":{"line":6,"column":0},"end":{"line":6,"column":16}},"1":{"start":{"line":1,"column":0},"end":{"line":1,"column":33}},"2":{"start":{"line":11,"column":2},"end":{"line":13,"column":3}},"3":{"start":{"line":12,"column":4},"end":{"line":12,"column":59}},"4":{"start":{"line":15,"column":20},"end":{"line":15,"column":66}},"5":{"start":{"line":17,"column":19},"end":{"line":17,"column":48}},"6":{"start":{"line":18,"column":23},"end":{"line":18,"column":68}},"7":{"start":{"line":19,"column":18},"end":{"line":19,"column":76}},"8":{"start":{"line":21,"column":18},"end":{"line":23,"column":15}},"9":{"start":{"line":25,"column":21},"end":{"line":25,"column":81}},"10":{"start":{"line":28,"column":24},"end":{"line":28,"column":91}},"11":{"start":{"line":31,"column":23},"end":{"line":33,"column":7}},"12":{"start":{"line":35,"column":2},"end":{"line":39,"column":4}}},"fnMap":{"0":{"name":"calculateNoVA","decl":{"start":{"line":6,"column":16},"end":{"line":6,"column":29}},"loc":{"start":{"line":9,"column":14},"end":{"line":40,"column":1}}}},"branchMap":{"0":{"loc":{"start":{"line":11,"column":2},"end":{"line":13,"column":3}},"type":"if","locations":[{"start":{"line":11,"column":2},"end":{"line":13,"column":3}}]},"1":{"loc":{"start":{"line":11,"column":6},"end":{"line":11,"column":36}},"type":"binary-expr","locations":[{"start":{"line":11,"column":6},"end":{"line":11,"column":18}},{"start":{"line":11,"column":22},"end":{"line":11,"column":36}}]},"2":{"loc":{"start":{"line":15,"column":20},"end":{"line":15,"column":66}},"type":"cond-expr","locations":[{"start":{"line":15,"column":35},"end":{"line":15,"column":38}},{"start":{"line":15,"column":41},"end":{"line":15,"column":66}}]},"3":{"loc":{"start":{"line":15,"column":41},"end":{"line":15,"column":66}},"type":"cond-expr","locations":[{"start":{"line":15,"column":57},"end":{"line":15,"column":60}},{"start":{"line":15,"column":63},"end":{"line":15,"column":66}}]},"4":{"loc":{"start":{"line":31,"column":23},"end":{"line":33,"column":7}},"type":"cond-expr","locations":[{"start":{"line":32,"column":6},"end":{"line":32,"column":52}},{"start":{"line":33,"column":6},"end":{"line":33,"column":7}}]}},"s":{"0":2,"1":2,"2":15,"3":1,"4":14,"5":14,"6":14,"7":14,"8":14,"9":14,"10":14,"11":14,"12":14},"f":{"0":15},"b":{"0":[1],"1":[15,12],"2":[11,3],"3":[2,1],"4":[1,13]}}
,"/Users/hariskurspahic/Desktop/Master/Semester_1/KV_Advanced_Service_Engineering/leasing-calculator/backend/src/engine/ProfitabilityEngine.ts": {"path":"/Users/hariskurspahic/Desktop/Master/Semester_1/KV_Advanced_Service_Engineering/leasing-calculator/backend/src/engine/ProfitabilityEngine.ts","statementMap":{"0":{"start":{"line":4,"column":0},"end":{"line":4,"column":16}},"1":{"start":{"line":1,"column":0},"end":{"line":1,"column":33}},"2":{"start":{"line":15,"column":24},"end":{"line":18,"column":15}},"3":{"start":{"line":20,"column":30},"end":{"line":21,"column":72}},"4":{"start":{"line":21,"column":24},"end":{"line":21,"column":68}},"5":{"start":{"line":24,"column":26},"end":{"line":28,"column":15}},"6":{"start":{"line":31,"column":28},"end":{"line":31,"column":96}},"7":{"start":{"line":33,"column":22},"end":{"line":36,"column":15}},"8":{"start":{"line":38,"column":21},"end":{"line":41,"column":15}},"9":{"start":{"line":43,"column":20},"end":{"line":43,"column":92}},"10":{"start":{"line":44,"column":20},"end":{"line":44,"column":99}},"11":{"start":{"line":45,"column":17},"end":{"line":45,"column":108}},"12":{"start":{"line":47,"column":2},"end":{"line":58,"column":4}}},"fnMap":{"0":{"name":"calculateProfitability","decl":{"start":{"line":4,"column":16},"end":{"line":4,"column":38}},"loc":{"start":{"line":14,"column":1},"end":{"line":59,"column":1}}},"1":{"name":"(anonymous_2)","decl":{"start":{"line":21,"column":12},"end":{"line":21,"column":13}},"loc":{"start":{"line":21,"column":24},"end":{"line":21,"column":68}}}},"branchMap":{},"s":{"0":2,"1":2,"2":9,"3":9,"4":432,"5":9,"6":9,"7":9,"8":9,"9":9,"10":9,"11":9,"12":9},"f":{"0":9,"1":432},"b":{}}
,"/Users/hariskurspahic/Desktop/Master/Semester_1/KV_Advanced_Service_Engineering/leasing-calculator/backend/src/middleware/auth.ts": {"path":"/Users/hariskurspahic/Desktop/Master/Semester_1/KV_Advanced_Service_Engineering/leasing-calculator/backend/src/middleware/auth.ts","statementMap":{"0":{"start":{"line":13,"column":0},"end":{"line":13,"column":16}},"1":{"start":{"line":30,"column":0},"end":{"line":30,"column":16}},"2":{"start":{"line":2,"column":0},"end":{"line":2,"column":31}},"3":{"start":{"line":14,"column":17},"end":{"line":14,"column":42}},"4":{"start":{"line":15,"column":2},"end":{"line":18,"column":3}},"5":{"start":{"line":16,"column":4},"end":{"line":16,"column":79}},"6":{"start":{"line":17,"column":4},"end":{"line":17,"column":11}},"7":{"start":{"line":20,"column":16},"end":{"line":20,"column":31}},"8":{"start":{"line":21,"column":2},"end":{"line":27,"column":3}},"9":{"start":{"line":22,"column":20},"end":{"line":22,"column":76}},"10":{"start":{"line":23,"column":4},"end":{"line":23,"column":23}},"11":{"start":{"line":24,"column":4},"end":{"line":24,"column":11}},"12":{"start":{"line":26,"column":4},"end":{"line":26,"column":64}},"13":{"start":{"line":31,"column":2},"end":{"line":37,"column":4}},"14":{"start":{"line":32,"column":4},"end":{"line":35,"column":5}},"15":{"start":{"line":33,"column":6},"end":{"line":33,"column":66}},"16":{"start":{"line":34,"column":6},"end":{"line":34,"column":13}},"17":{"start":{"line":36,"column":4},"end":{"line":36,"column":11}}},"fnMap":{"0":{"name":"authenticate","decl":{"start":{"line":13,"column":16},"end":{"line":13,"column":28}},"loc":{"start":{"line":13,"column":76},"end":{"line":28,"column":1}}},"1":{"name":"requireRole","decl":{"start":{"line":30,"column":16},"end":{"line":30,"column":27}},"loc":{"start":{"line":30,"column":44},"end":{"line":38,"column":1}}},"2":{"name":"(anonymous_3)","decl":{"start":{"line":31,"column":9},"end":{"line":31,"column":10}},"loc":{"start":{"line":31,"column":67},"end":{"line":37,"column":3}}}},"branchMap":{"0":{"loc":{"start":{"line":15,"column":2},"end":{"line":18,"column":3}},"type":"if","locations":[{"start":{"line":15,"column":2},"end":{"line":18,"column":3}}]},"1":{"loc":{"start":{"line":32,"column":4},"end":{"line":35,"column":5}},"type":"if","locations":[{"start":{"line":32,"column":4},"end":{"line":35,"column":5}}]},"2":{"loc":{"start":{"line":32,"column":8},"end":{"line":32,"column":51}},"type":"binary-expr","locations":[{"start":{"line":32,"column":8},"end":{"line":32,"column":17}},{"start":{"line":32,"column":21},"end":{"line":32,"column":51}}]}},"s":{"0":1,"1":1,"2":1,"3":17,"4":17,"5":2,"6":2,"7":15,"8":15,"9":15,"10":15,"11":15,"12":0,"13":16,"14":15,"15":1,"16":1,"17":14},"f":{"0":17,"1":16,"2":15},"b":{"0":[2],"1":[1],"2":[15,15]}}
,"/Users/hariskurspahic/Desktop/Master/Semester_1/KV_Advanced_Service_Engineering/leasing-calculator/backend/src/middleware/errorHandler.ts": {"path":"/Users/hariskurspahic/Desktop/Master/Semester_1/KV_Advanced_Service_Engineering/leasing-calculator/backend/src/middleware/errorHandler.ts","statementMap":{"0":{"start":{"line":3,"column":0},"end":{"line":3,"column":16}},"1":{"start":{"line":9,"column":2},"end":{"line":9,"column":58}},"2":{"start":{"line":9,"column":39},"end":{"line":9,"column":58}},"3":{"start":{"line":10,"column":2},"end":{"line":10,"column":74}}},"fnMap":{"0":{"name":"errorHandler","decl":{"start":{"line":3,"column":16},"end":{"line":3,"column":28}},"loc":{"start":{"line":7,"column":21},"end":{"line":11,"column":1}}}},"branchMap":{"0":{"loc":{"start":{"line":9,"column":2},"end":{"line":9,"column":58}},"type":"if","locations":[{"start":{"line":9,"column":2},"end":{"line":9,"column":58}}]},"1":{"loc":{"start":{"line":10,"column":32},"end":{"line":10,"column":70}},"type":"binary-expr","locations":[{"start":{"line":10,"column":32},"end":{"line":10,"column":43}},{"start":{"line":10,"column":47},"end":{"line":10,"column":70}}]}},"s":{"0":1,"1":1,"2":0,"3":1},"f":{"0":1},"b":{"0":[0],"1":[1,0]}}
,"/Users/hariskurspahic/Desktop/Master/Semester_1/KV_Advanced_Service_Engineering/leasing-calculator/backend/src/middleware/validate.ts": {"path":"/Users/hariskurspahic/Desktop/Master/Semester_1/KV_Advanced_Service_Engineering/leasing-calculator/backend/src/middleware/validate.ts","statementMap":{"0":{"start":{"line":4,"column":0},"end":{"line":4,"column":16}},"1":{"start":{"line":16,"column":0},"end":{"line":16,"column":16}},"2":{"start":{"line":5,"column":2},"end":{"line":13,"column":4}},"3":{"start":{"line":6,"column":19},"end":{"line":6,"column":45}},"4":{"start":{"line":7,"column":4},"end":{"line":10,"column":5}},"5":{"start":{"line":8,"column":6},"end":{"line":8,"column":89}},"6":{"start":{"line":9,"column":6},"end":{"line":9,"column":13}},"7":{"start":{"line":11,"column":4},"end":{"line":11,"column":27}},"8":{"start":{"line":12,"column":4},"end":{"line":12,"column":11}},"9":{"start":{"line":17,"column":2},"end":{"line":24,"column":4}},"10":{"start":{"line":18,"column":19},"end":{"line":18,"column":46}},"11":{"start":{"line":19,"column":4},"end":{"line":22,"column":5}},"12":{"start":{"line":20,"column":6},"end":{"line":20,"column":89}},"13":{"start":{"line":21,"column":6},"end":{"line":21,"column":13}},"14":{"start":{"line":23,"column":4},"end":{"line":23,"column":11}}},"fnMap":{"0":{"name":"validateBody","decl":{"start":{"line":4,"column":16},"end":{"line":4,"column":28}},"loc":{"start":{"line":4,"column":46},"end":{"line":14,"column":1}}},"1":{"name":"(anonymous_1)","decl":{"start":{"line":5,"column":9},"end":{"line":5,"column":10}},"loc":{"start":{"line":5,"column":67},"end":{"line":13,"column":3}}},"2":{"name":"validateQuery","decl":{"start":{"line":16,"column":16},"end":{"line":16,"column":29}},"loc":{"start":{"line":16,"column":47},"end":{"line":25,"column":1}}},"3":{"name":"(anonymous_3)","decl":{"start":{"line":17,"column":9},"end":{"line":17,"column":10}},"loc":{"start":{"line":17,"column":67},"end":{"line":24,"column":3}}}},"branchMap":{"0":{"loc":{"start":{"line":7,"column":4},"end":{"line":10,"column":5}},"type":"if","locations":[{"start":{"line":7,"column":4},"end":{"line":10,"column":5}}]},"1":{"loc":{"start":{"line":19,"column":4},"end":{"line":22,"column":5}},"type":"if","locations":[{"start":{"line":19,"column":4},"end":{"line":22,"column":5}}]}},"s":{"0":1,"1":1,"2":7,"3":22,"4":22,"5":11,"6":11,"7":11,"8":11,"9":0,"10":0,"11":0,"12":0,"13":0,"14":0},"f":{"0":7,"1":22,"2":0,"3":0},"b":{"0":[11],"1":[0]}}
,"/Users/hariskurspahic/Desktop/Master/Semester_1/KV_Advanced_Service_Engineering/leasing-calculator/backend/src/routes/index.ts": {"path":"/Users/hariskurspahic/Desktop/Master/Semester_1/KV_Advanced_Service_Engineering/leasing-calculator/backend/src/routes/index.ts","statementMap":{"0":{"start":{"line":1,"column":0},"end":{"line":1,"column":33}},"1":{"start":{"line":2,"column":0},"end":{"line":2,"column":63}},"2":{"start":{"line":3,"column":0},"end":{"line":3,"column":54}},"3":{"start":{"line":4,"column":0},"end":{"line":4,"column":32}},"4":{"start":{"line":5,"column":0},"end":{"line":5,"column":55}},"5":{"start":{"line":6,"column":0},"end":{"line":6,"column":62}},"6":{"start":{"line":7,"column":0},"end":{"line":7,"column":61}},"7":{"start":{"line":8,"column":0},"end":{"line":8,"column":57}},"8":{"start":{"line":9,"column":0},"end":{"line":9,"column":null}},"9":{"start":{"line":19,"column":15},"end":{"line":19,"column":23}},"10":{"start":{"line":60,"column":0},"end":{"line":60,"column":75}},"11":{"start":{"line":84,"column":0},"end":{"line":84,"column":66}},"12":{"start":{"line":98,"column":0},"end":{"line":98,"column":47}},"13":{"start":{"line":117,"column":0},"end":{"line":117,"column":49}},"14":{"start":{"line":147,"column":0},"end":{"line":147,"column":75}},"15":{"start":{"line":171,"column":0},"end":{"line":177,"column":2}},"16":{"start":{"line":191,"column":0},"end":{"line":191,"column":98}},"17":{"start":{"line":212,"column":0},"end":{"line":212,"column":100}},"18":{"start":{"line":231,"column":0},"end":{"line":236,"column":2}},"19":{"start":{"line":255,"column":0},"end":{"line":255,"column":103}},"20":{"start":{"line":277,"column":0},"end":{"line":282,"column":2}},"21":{"start":{"line":314,"column":0},"end":{"line":320,"column":2}},"22":{"start":{"line":342,"column":0},"end":{"line":342,"column":94}},"23":{"start":{"line":361,"column":0},"end":{"line":361,"column":98}},"24":{"start":{"line":380,"column":0},"end":{"line":385,"column":2}},"25":{"start":{"line":415,"column":0},"end":{"line":421,"column":2}},"26":{"start":{"line":440,"column":0},"end":{"line":445,"column":2}},"27":{"start":{"line":467,"column":0},"end":{"line":472,"column":2}},"28":{"start":{"line":486,"column":0},"end":{"line":486,"column":90}},"29":{"start":{"line":523,"column":0},"end":{"line":523,"column":84}},"30":{"start":{"line":524,"column":0},"end":{"line":530,"column":2}},"31":{"start":{"line":532,"column":0},"end":{"line":532,"column":22}}},"fnMap":{},"branchMap":{},"s":{"0":1,"1":1,"2":1,"3":1,"4":1,"5":1,"6":1,"7":1,"8":1,"9":1,"10":1,"11":1,"12":1,"13":1,"14":1,"15":1,"16":1,"17":1,"18":1,"19":1,"20":1,"21":1,"22":1,"23":1,"24":1,"25":1,"26":1,"27":1,"28":1,"29":1,"30":1,"31":1},"f":{},"b":{}}
,"/Users/hariskurspahic/Desktop/Master/Semester_1/KV_Advanced_Service_Engineering/leasing-calculator/backend/src/schemas/index.ts": {"path":"/Users/hariskurspahic/Desktop/Master/Semester_1/KV_Advanced_Service_Engineering/leasing-calculator/backend/src/schemas/index.ts","statementMap":{"0":{"start":{"line":1,"column":0},"end":{"line":1,"column":24}},"1":{"start":{"line":2,"column":0},"end":{"line":2,"column":40}},"2":{"start":{"line":4,"column":13},"end":{"line":9,"column":3}},"3":{"start":{"line":11,"column":13},"end":{"line":14,"column":3}},"4":{"start":{"line":16,"column":13},"end":{"line":23,"column":3}},"5":{"start":{"line":25,"column":13},"end":{"line":25,"column":39}},"6":{"start":{"line":27,"column":13},"end":{"line":33,"column":3}},"7":{"start":{"line":35,"column":13},"end":{"line":37,"column":3}},"8":{"start":{"line":39,"column":20},"end":{"line":48,"column":11}},"9":{"start":{"line":50,"column":13},"end":{"line":57,"column":84}},"10":{"start":{"line":53,"column":29},"end":{"line":53,"column":91}},"11":{"start":{"line":57,"column":19},"end":{"line":57,"column":46}}},"fnMap":{"0":{"name":"(anonymous_0)","decl":{"start":{"line":53,"column":22},"end":{"line":53,"column":23}},"loc":{"start":{"line":53,"column":29},"end":{"line":53,"column":91}}},"1":{"name":"(anonymous_1)","decl":{"start":{"line":57,"column":10},"end":{"line":57,"column":11}},"loc":{"start":{"line":57,"column":19},"end":{"line":57,"column":46}}}},"branchMap":{},"s":{"0":1,"1":1,"2":1,"3":1,"4":1,"5":1,"6":1,"7":1,"8":1,"9":1,"10":8,"11":3},"f":{"0":8,"1":3},"b":{}}
,"/Users/hariskurspahic/Desktop/Master/Semester_1/KV_Advanced_Service_Engineering/leasing-calculator/backend/src/services/admin.service.ts": {"path":"/Users/hariskurspahic/Desktop/Master/Semester_1/KV_Advanced_Service_Engineering/leasing-calculator/backend/src/services/admin.service.ts","statementMap":{"0":{"start":{"line":1,"column":0},"end":{"line":1,"column":46}},"1":{"start":{"line":2,"column":0},"end":{"line":2,"column":71}},"2":{"start":{"line":3,"column":0},"end":{"line":3,"column":42}},"3":{"start":{"line":5,"column":15},"end":{"line":5,"column":33}},"4":{"start":{"line":7,"column":20},"end":{"line":16,"column":2}},"5":{"start":{"line":20,"column":43},"end":{"line":20,"column":45}},"6":{"start":{"line":21,"column":4},"end":{"line":21,"column":50}},"7":{"start":{"line":21,"column":22},"end":{"line":21,"column":50}},"8":{"start":{"line":23,"column":4},"end":{"line":27,"column":7}},"9":{"start":{"line":31,"column":4},"end":{"line":40,"column":7}},"10":{"start":{"line":44,"column":21},"end":{"line":47,"column":6}},"11":{"start":{"line":49,"column":20},"end":{"line":49,"column":56}},"12":{"start":{"line":50,"column":19},"end":{"line":50,"column":87}},"13":{"start":{"line":50,"column":57},"end":{"line":50,"column":85}},"14":{"start":{"line":52,"column":23},"end":{"line":69,"column":6}},"15":{"start":{"line":60,"column":58},"end":{"line":67,"column":8}},"16":{"start":{"line":72,"column":4},"end":{"line":99,"column":7}},"17":{"start":{"line":73,"column":22},"end":{"line":80,"column":8}},"18":{"start":{"line":82,"column":6},"end":{"line":96,"column":9}},"19":{"start":{"line":98,"column":6},"end":{"line":98,"column":21}},"20":{"start":{"line":103,"column":4},"end":{"line":106,"column":7}},"21":{"start":{"line":110,"column":4},"end":{"line":113,"column":7}},"22":{"start":{"line":117,"column":22},"end":{"line":120,"column":6}},"23":{"start":{"line":122,"column":29},"end":{"line":122,"column":74}},"24":{"start":{"line":124,"column":24},"end":{"line":124,"column":76}},"25":{"start":{"line":124,"column":53},"end":{"line":124,"column":72}},"26":{"start":{"line":125,"column":25},"end":{"line":127,"column":9}},"27":{"start":{"line":126,"column":42},"end":{"line":126,"column":65}},"28":{"start":{"line":128,"column":22},"end":{"line":130,"column":9}},"29":{"start":{"line":129,"column":42},"end":{"line":129,"column":62}},"30":{"start":{"line":131,"column":32},"end":{"line":131,"column":103}},"31":{"start":{"line":131,"column":66},"end":{"line":131,"column":99}},"32":{"start":{"line":132,"column":27},"end":{"line":132,"column":88}},"33":{"start":{"line":132,"column":61},"end":{"line":132,"column":84}},"34":{"start":{"line":133,"column":26},"end":{"line":133,"column":76}},"35":{"start":{"line":133,"column":57},"end":{"line":133,"column":68}},"36":{"start":{"line":135,"column":25},"end":{"line":138,"column":6}},"37":{"start":{"line":140,"column":4},"end":{"line":148,"column":6}},"38":{"start":{"line":147,"column":68},"end":{"line":147,"column":95}},"39":{"start":{"line":152,"column":20},"end":{"line":154,"column":6}},"40":{"start":{"line":155,"column":4},"end":{"line":155,"column":68}},"41":{"start":{"line":155,"column":49},"end":{"line":155,"column":65}},"42":{"start":{"line":159,"column":16},"end":{"line":166,"column":null}},"43":{"start":{"line":160,"column":25},"end":{"line":160,"column":50}},"44":{"start":{"line":162,"column":8},"end":{"line":166,"column":10}},"45":{"start":{"line":168,"column":4},"end":{"line":168,"column":28}},"46":{"start":{"line":18,"column":0},"end":{"line":18,"column":13}}},"fnMap":{"0":{"name":"(anonymous_0)","decl":{"start":{"line":19,"column":2},"end":{"line":19,"column":7}},"loc":{"start":{"line":19,"column":52},"end":{"line":28,"column":3}}},"1":{"name":"(anonymous_1)","decl":{"start":{"line":30,"column":2},"end":{"line":30,"column":7}},"loc":{"start":{"line":30,"column":38},"end":{"line":41,"column":3}}},"2":{"name":"(anonymous_2)","decl":{"start":{"line":43,"column":2},"end":{"line":43,"column":7}},"loc":{"start":{"line":43,"column":59},"end":{"line":100,"column":3}}},"3":{"name":"(anonymous_3)","decl":{"start":{"line":50,"column":50},"end":{"line":50,"column":51}},"loc":{"start":{"line":50,"column":57},"end":{"line":50,"column":85}}},"4":{"name":"(anonymous_4)","decl":{"start":{"line":60,"column":50},"end":{"line":60,"column":51}},"loc":{"start":{"line":60,"column":58},"end":{"line":67,"column":8}}},"5":{"name":"(anonymous_5)","decl":{"start":{"line":72,"column":31},"end":{"line":72,"column":36}},"loc":{"start":{"line":72,"column":44},"end":{"line":99,"column":5}}},"6":{"name":"(anonymous_6)","decl":{"start":{"line":102,"column":2},"end":{"line":102,"column":7}},"loc":{"start":{"line":102,"column":57},"end":{"line":107,"column":3}}},"7":{"name":"(anonymous_7)","decl":{"start":{"line":109,"column":2},"end":{"line":109,"column":7}},"loc":{"start":{"line":109,"column":43},"end":{"line":114,"column":3}}},"8":{"name":"(anonymous_8)","decl":{"start":{"line":116,"column":2},"end":{"line":116,"column":7}},"loc":{"start":{"line":116,"column":24},"end":{"line":149,"column":3}}},"9":{"name":"(anonymous_9)","decl":{"start":{"line":124,"column":41},"end":{"line":124,"column":42}},"loc":{"start":{"line":124,"column":53},"end":{"line":124,"column":72}}},"10":{"name":"(anonymous_10)","decl":{"start":{"line":126,"column":32},"end":{"line":126,"column":33}},"loc":{"start":{"line":126,"column":42},"end":{"line":126,"column":65}}},"11":{"name":"(anonymous_11)","decl":{"start":{"line":129,"column":32},"end":{"line":129,"column":33}},"loc":{"start":{"line":129,"column":42},"end":{"line":129,"column":62}}},"12":{"name":"(anonymous_12)","decl":{"start":{"line":131,"column":56},"end":{"line":131,"column":57}},"loc":{"start":{"line":131,"column":66},"end":{"line":131,"column":99}}},"13":{"name":"(anonymous_13)","decl":{"start":{"line":132,"column":51},"end":{"line":132,"column":52}},"loc":{"start":{"line":132,"column":61},"end":{"line":132,"column":84}}},"14":{"name":"(anonymous_14)","decl":{"start":{"line":133,"column":50},"end":{"line":133,"column":51}},"loc":{"start":{"line":133,"column":57},"end":{"line":133,"column":68}}},"15":{"name":"(anonymous_15)","decl":{"start":{"line":147,"column":61},"end":{"line":147,"column":62}},"loc":{"start":{"line":147,"column":68},"end":{"line":147,"column":95}}},"16":{"name":"(anonymous_16)","decl":{"start":{"line":151,"column":2},"end":{"line":151,"column":7}},"loc":{"start":{"line":151,"column":17},"end":{"line":156,"column":3}}},"17":{"name":"(anonymous_17)","decl":{"start":{"line":155,"column":42},"end":{"line":155,"column":43}},"loc":{"start":{"line":155,"column":49},"end":{"line":155,"column":65}}},"18":{"name":"(anonymous_18)","decl":{"start":{"line":158,"column":2},"end":{"line":158,"column":7}},"loc":{"start":{"line":158,"column":69},"end":{"line":169,"column":3}}},"19":{"name":"(anonymous_19)","decl":{"start":{"line":160,"column":14},"end":{"line":160,"column":15}},"loc":{"start":{"line":160,"column":25},"end":{"line":160,"column":50}}},"20":{"name":"(anonymous_20)","decl":{"start":{"line":161,"column":11},"end":{"line":161,"column":12}},"loc":{"start":{"line":162,"column":8},"end":{"line":166,"column":10}}}},"branchMap":{"0":{"loc":{"start":{"line":21,"column":4},"end":{"line":21,"column":50}},"type":"if","locations":[{"start":{"line":21,"column":4},"end":{"line":21,"column":50}}]},"1":{"loc":{"start":{"line":68,"column":27},"end":{"line":68,"column":69}},"type":"binary-expr","locations":[{"start":{"line":68,"column":27},"end":{"line":68,"column":64}},{"start":{"line":68,"column":68},"end":{"line":68,"column":69}}]},"2":{"loc":{"start":{"line":125,"column":25},"end":{"line":127,"column":9}},"type":"cond-expr","locations":[{"start":{"line":126,"column":8},"end":{"line":126,"column":95}},{"start":{"line":127,"column":8},"end":{"line":127,"column":9}}]},"3":{"loc":{"start":{"line":128,"column":22},"end":{"line":130,"column":9}},"type":"cond-expr","locations":[{"start":{"line":129,"column":8},"end":{"line":129,"column":92}},{"start":{"line":130,"column":8},"end":{"line":130,"column":9}}]}},"s":{"0":1,"1":1,"2":1,"3":1,"4":1,"5":0,"6":0,"7":0,"8":0,"9":0,"10":1,"11":1,"12":1,"13":8,"14":1,"15":48,"16":1,"17":1,"18":1,"19":1,"20":1,"21":0,"22":1,"23":1,"24":1,"25":0,"26":1,"27":0,"28":1,"29":0,"30":1,"31":0,"32":1,"33":0,"34":1,"35":0,"36":1,"37":1,"38":0,"39":0,"40":0,"41":0,"42":1,"43":1,"44":1,"45":1,"46":1},"f":{"0":0,"1":0,"2":1,"3":8,"4":48,"5":1,"6":1,"7":0,"8":1,"9":0,"10":0,"11":0,"12":0,"13":0,"14":0,"15":0,"16":0,"17":0,"18":1,"19":1,"20":1},"b":{"0":[0],"1":[1,0],"2":[0,1],"3":[0,1]}}
,"/Users/hariskurspahic/Desktop/Master/Semester_1/KV_Advanced_Service_Engineering/leasing-calculator/backend/src/services/leasing.service.ts": {"path":"/Users/hariskurspahic/Desktop/Master/Semester_1/KV_Advanced_Service_Engineering/leasing-calculator/backend/src/services/leasing.service.ts","statementMap":{"0":{"start":{"line":1,"column":0},"end":{"line":1,"column":46}},"1":{"start":{"line":2,"column":0},"end":{"line":2,"column":57}},"2":{"start":{"line":3,"column":0},"end":{"line":3,"column":null}},"3":{"start":{"line":14,"column":0},"end":{"line":14,"column":66}},"4":{"start":{"line":15,"column":0},"end":{"line":15,"column":75}},"5":{"start":{"line":16,"column":0},"end":{"line":16,"column":81}},"6":{"start":{"line":17,"column":0},"end":{"line":17,"column":33}},"7":{"start":{"line":19,"column":15},"end":{"line":19,"column":33}},"8":{"start":{"line":23,"column":20},"end":{"line":23,"column":56}},"9":{"start":{"line":24,"column":4},"end":{"line":26,"column":6}},"10":{"start":{"line":25,"column":25},"end":{"line":25,"column":53}},"11":{"start":{"line":30,"column":20},"end":{"line":30,"column":94}},"12":{"start":{"line":31,"column":19},"end":{"line":31,"column":47}},"13":{"start":{"line":33,"column":21},"end":{"line":33,"column":45}},"14":{"start":{"line":34,"column":23},"end":{"line":34,"column":82}},"15":{"start":{"line":36,"column":16},"end":{"line":41,"column":6}},"16":{"start":{"line":43,"column":22},"end":{"line":43,"column":84}},"17":{"start":{"line":44,"column":4},"end":{"line":44,"column":46}},"18":{"start":{"line":44,"column":19},"end":{"line":44,"column":46}},"19":{"start":{"line":46,"column":25},"end":{"line":46,"column":79}},"20":{"start":{"line":47,"column":4},"end":{"line":47,"column":52}},"21":{"start":{"line":47,"column":22},"end":{"line":47,"column":52}},"22":{"start":{"line":49,"column":28},"end":{"line":53,"column":null}},"23":{"start":{"line":55,"column":4},"end":{"line":55,"column":58}},"24":{"start":{"line":55,"column":25},"end":{"line":55,"column":58}},"25":{"start":{"line":57,"column":24},"end":{"line":65,"column":6}},"26":{"start":{"line":67,"column":25},"end":{"line":67,"column":80}},"27":{"start":{"line":71,"column":6},"end":{"line":73,"column":29}},"28":{"start":{"line":76,"column":4},"end":{"line":85,"column":5}},"29":{"start":{"line":77,"column":6},"end":{"line":77,"column":101}},"30":{"start":{"line":79,"column":6},"end":{"line":84,"column":8}},"31":{"start":{"line":87,"column":21},"end":{"line":92,"column":null}},"32":{"start":{"line":95,"column":26},"end":{"line":100,"column":null}},"33":{"start":{"line":103,"column":26},"end":{"line":103,"column":86}},"34":{"start":{"line":104,"column":30},"end":{"line":104,"column":98}},"35":{"start":{"line":105,"column":22},"end":{"line":106,"column":58}},"36":{"start":{"line":108,"column":4},"end":{"line":120,"column":6}},"37":{"start":{"line":124,"column":18},"end":{"line":124,"column":50}},"38":{"start":{"line":125,"column":19},"end":{"line":125,"column":47}},"39":{"start":{"line":127,"column":4},"end":{"line":127,"column":79}},"40":{"start":{"line":131,"column":6},"end":{"line":133,"column":29}},"41":{"start":{"line":135,"column":4},"end":{"line":173,"column":7}},"42":{"start":{"line":136,"column":23},"end":{"line":158,"column":8}},"43":{"start":{"line":160,"column":6},"end":{"line":170,"column":9}},"44":{"start":{"line":161,"column":43},"end":{"line":169,"column":10}},"45":{"start":{"line":172,"column":6},"end":{"line":172,"column":22}},"46":{"start":{"line":177,"column":4},"end":{"line":181,"column":7}},"47":{"start":{"line":185,"column":4},"end":{"line":188,"column":7}},"48":{"start":{"line":192,"column":21},"end":{"line":194,"column":6}},"49":{"start":{"line":195,"column":4},"end":{"line":195,"column":31}},"50":{"start":{"line":195,"column":19},"end":{"line":195,"column":31}},"51":{"start":{"line":197,"column":4},"end":{"line":200,"column":7}},"52":{"start":{"line":204,"column":21},"end":{"line":207,"column":6}},"53":{"start":{"line":208,"column":4},"end":{"line":208,"column":31}},"54":{"start":{"line":208,"column":19},"end":{"line":208,"column":31}},"55":{"start":{"line":210,"column":4},"end":{"line":233,"column":6}},"56":{"start":{"line":247,"column":21},"end":{"line":249,"column":6}},"57":{"start":{"line":250,"column":4},"end":{"line":250,"column":57}},"58":{"start":{"line":250,"column":19},"end":{"line":250,"column":57}},"59":{"start":{"line":253,"column":23},"end":{"line":253,"column":91}},"60":{"start":{"line":254,"column":19},"end":{"line":254,"column":70}},"61":{"start":{"line":256,"column":4},"end":{"line":280,"column":7}},"62":{"start":{"line":21,"column":0},"end":{"line":21,"column":13}}},"fnMap":{"0":{"name":"(anonymous_1)","decl":{"start":{"line":22,"column":10},"end":{"line":22,"column":15}},"loc":{"start":{"line":22,"column":31},"end":{"line":27,"column":3}}},"1":{"name":"(anonymous_2)","decl":{"start":{"line":25,"column":18},"end":{"line":25,"column":19}},"loc":{"start":{"line":25,"column":25},"end":{"line":25,"column":53}}},"2":{"name":"(anonymous_3)","decl":{"start":{"line":29,"column":2},"end":{"line":29,"column":7}},"loc":{"start":{"line":29,"column":40},"end":{"line":121,"column":3}}},"3":{"name":"(anonymous_4)","decl":{"start":{"line":123,"column":2},"end":{"line":123,"column":7}},"loc":{"start":{"line":123,"column":86},"end":{"line":174,"column":3}}},"4":{"name":"(anonymous_5)","decl":{"start":{"line":135,"column":31},"end":{"line":135,"column":36}},"loc":{"start":{"line":135,"column":44},"end":{"line":173,"column":5}}},"5":{"name":"(anonymous_6)","decl":{"start":{"line":161,"column":33},"end":{"line":161,"column":34}},"loc":{"start":{"line":161,"column":43},"end":{"line":169,"column":10}}},"6":{"name":"(anonymous_7)","decl":{"start":{"line":176,"column":2},"end":{"line":176,"column":7}},"loc":{"start":{"line":176,"column":47},"end":{"line":182,"column":3}}},"7":{"name":"(anonymous_8)","decl":{"start":{"line":184,"column":2},"end":{"line":184,"column":7}},"loc":{"start":{"line":184,"column":58},"end":{"line":189,"column":3}}},"8":{"name":"(anonymous_9)","decl":{"start":{"line":191,"column":2},"end":{"line":191,"column":7}},"loc":{"start":{"line":191,"column":58},"end":{"line":201,"column":3}}},"9":{"name":"(anonymous_10)","decl":{"start":{"line":203,"column":2},"end":{"line":203,"column":7}},"loc":{"start":{"line":203,"column":60},"end":{"line":234,"column":3}}},"10":{"name":"(anonymous_11)","decl":{"start":{"line":236,"column":2},"end":{"line":236,"column":7}},"loc":{"start":{"line":245,"column":5},"end":{"line":281,"column":3}}}},"branchMap":{"0":{"loc":{"start":{"line":44,"column":4},"end":{"line":44,"column":46}},"type":"if","locations":[{"start":{"line":44,"column":4},"end":{"line":44,"column":46}}]},"1":{"loc":{"start":{"line":47,"column":4},"end":{"line":47,"column":52}},"type":"if","locations":[{"start":{"line":47,"column":4},"end":{"line":47,"column":52}}]},"2":{"loc":{"start":{"line":51,"column":6},"end":{"line":51,"column":24}},"type":"binary-expr","locations":[{"start":{"line":51,"column":6},"end":{"line":51,"column":19}},{"start":{"line":51,"column":23},"end":{"line":51,"column":24}}]},"3":{"loc":{"start":{"line":55,"column":4},"end":{"line":55,"column":58}},"type":"if","locations":[{"start":{"line":55,"column":4},"end":{"line":55,"column":58}}]},"4":{"loc":{"start":{"line":58,"column":19},"end":{"line":58,"column":46}},"type":"binary-expr","locations":[{"start":{"line":58,"column":19},"end":{"line":58,"column":41}},{"start":{"line":58,"column":45},"end":{"line":58,"column":46}}]},"5":{"loc":{"start":{"line":59,"column":21},"end":{"line":59,"column":50}},"type":"binary-expr","locations":[{"start":{"line":59,"column":21},"end":{"line":59,"column":45}},{"start":{"line":59,"column":49},"end":{"line":59,"column":50}}]},"6":{"loc":{"start":{"line":60,"column":19},"end":{"line":60,"column":46}},"type":"binary-expr","locations":[{"start":{"line":60,"column":19},"end":{"line":60,"column":41}},{"start":{"line":60,"column":45},"end":{"line":60,"column":46}}]},"7":{"loc":{"start":{"line":61,"column":19},"end":{"line":61,"column":46}},"type":"binary-expr","locations":[{"start":{"line":61,"column":19},"end":{"line":61,"column":41}},{"start":{"line":61,"column":45},"end":{"line":61,"column":46}}]},"8":{"loc":{"start":{"line":62,"column":19},"end":{"line":62,"column":46}},"type":"binary-expr","locations":[{"start":{"line":62,"column":19},"end":{"line":62,"column":41}},{"start":{"line":62,"column":45},"end":{"line":62,"column":46}}]},"9":{"loc":{"start":{"line":63,"column":19},"end":{"line":63,"column":46}},"type":"binary-expr","locations":[{"start":{"line":63,"column":19},"end":{"line":63,"column":41}},{"start":{"line":63,"column":45},"end":{"line":63,"column":46}}]},"10":{"loc":{"start":{"line":64,"column":20},"end":{"line":64,"column":48}},"type":"binary-expr","locations":[{"start":{"line":64,"column":20},"end":{"line":64,"column":43}},{"start":{"line":64,"column":47},"end":{"line":64,"column":48}}]},"11":{"loc":{"start":{"line":71,"column":6},"end":{"line":73,"column":29}},"type":"cond-expr","locations":[{"start":{"line":72,"column":10},"end":{"line":72,"column":55}},{"start":{"line":73,"column":10},"end":{"line":73,"column":29}}]},"12":{"loc":{"start":{"line":76,"column":4},"end":{"line":85,"column":5}},"type":"if","locations":[{"start":{"line":76,"column":4},"end":{"line":85,"column":5}},{"start":{"line":78,"column":11},"end":{"line":85,"column":5}}]},"13":{"loc":{"start":{"line":118,"column":10},"end":{"line":118,"column":94}},"type":"binary-expr","locations":[{"start":{"line":118,"column":10},"end":{"line":118,"column":55}},{"start":{"line":118,"column":59},"end":{"line":118,"column":94}}]},"14":{"loc":{"start":{"line":131,"column":6},"end":{"line":133,"column":29}},"type":"cond-expr","locations":[{"start":{"line":132,"column":10},"end":{"line":132,"column":52}},{"start":{"line":133,"column":10},"end":{"line":133,"column":29}}]},"15":{"loc":{"start":{"line":149,"column":19},"end":{"line":149,"column":37}},"type":"binary-expr","locations":[{"start":{"line":149,"column":19},"end":{"line":149,"column":32}},{"start":{"line":149,"column":36},"end":{"line":149,"column":37}}]},"16":{"loc":{"start":{"line":150,"column":23},"end":{"line":150,"column":50}},"type":"binary-expr","locations":[{"start":{"line":150,"column":23},"end":{"line":150,"column":45}},{"start":{"line":150,"column":49},"end":{"line":150,"column":50}}]},"17":{"loc":{"start":{"line":151,"column":24},"end":{"line":151,"column":52}},"type":"binary-expr","locations":[{"start":{"line":151,"column":24},"end":{"line":151,"column":47}},{"start":{"line":151,"column":51},"end":{"line":151,"column":52}}]},"18":{"loc":{"start":{"line":152,"column":25},"end":{"line":152,"column":54}},"type":"binary-expr","locations":[{"start":{"line":152,"column":25},"end":{"line":152,"column":49}},{"start":{"line":152,"column":53},"end":{"line":152,"column":54}}]},"19":{"loc":{"start":{"line":153,"column":23},"end":{"line":153,"column":50}},"type":"binary-expr","locations":[{"start":{"line":153,"column":23},"end":{"line":153,"column":45}},{"start":{"line":153,"column":49},"end":{"line":153,"column":50}}]},"20":{"loc":{"start":{"line":195,"column":4},"end":{"line":195,"column":31}},"type":"if","locations":[{"start":{"line":195,"column":4},"end":{"line":195,"column":31}}]},"21":{"loc":{"start":{"line":208,"column":4},"end":{"line":208,"column":31}},"type":"if","locations":[{"start":{"line":208,"column":4},"end":{"line":208,"column":31}}]},"22":{"loc":{"start":{"line":250,"column":4},"end":{"line":250,"column":57}},"type":"if","locations":[{"start":{"line":250,"column":4},"end":{"line":250,"column":57}}]},"23":{"loc":{"start":{"line":266,"column":16},"end":{"line":266,"column":44}},"type":"cond-expr","locations":[{"start":{"line":266,"column":25},"end":{"line":266,"column":33}},{"start":{"line":266,"column":36},"end":{"line":266,"column":44}}]},"24":{"loc":{"start":{"line":268,"column":15},"end":{"line":268,"column":87}},"type":"cond-expr","locations":[{"start":{"line":268,"column":24},"end":{"line":268,"column":33}},{"start":{"line":268,"column":36},"end":{"line":268,"column":87}}]},"25":{"loc":{"start":{"line":276,"column":16},"end":{"line":276,"column":44}},"type":"cond-expr","locations":[{"start":{"line":276,"column":25},"end":{"line":276,"column":33}},{"start":{"line":276,"column":36},"end":{"line":276,"column":44}}]},"26":{"loc":{"start":{"line":278,"column":15},"end":{"line":278,"column":82}},"type":"cond-expr","locations":[{"start":{"line":278,"column":24},"end":{"line":278,"column":28}},{"start":{"line":278,"column":31},"end":{"line":278,"column":82}}]}},"s":{"0":1,"1":1,"2":1,"3":1,"4":1,"5":1,"6":1,"7":1,"8":4,"9":4,"10":32,"11":3,"12":3,"13":3,"14":3,"15":3,"16":3,"17":3,"18":0,"19":3,"20":3,"21":1,"22":2,"23":2,"24":0,"25":2,"26":2,"27":2,"28":2,"29":2,"30":0,"31":2,"32":2,"33":2,"34":2,"35":2,"36":2,"37":1,"38":1,"39":1,"40":1,"41":1,"42":1,"43":1,"44":48,"45":1,"46":1,"47":0,"48":0,"49":0,"50":0,"51":0,"52":1,"53":1,"54":0,"55":1,"56":2,"57":2,"58":0,"59":2,"60":2,"61":2,"62":1},"f":{"0":4,"1":32,"2":3,"3":1,"4":1,"5":48,"6":1,"7":0,"8":0,"9":1,"10":2},"b":{"0":[0],"1":[1],"2":[2,0],"3":[0],"4":[2,0],"5":[2,0],"6":[2,0],"7":[2,0],"8":[2,0],"9":[2,0],"10":[2,0],"11":[0,2],"12":[2,0],"13":[2,2],"14":[0,1],"15":[1,0],"16":[1,0],"17":[1,0],"18":[1,0],"19":[1,0],"20":[0],"21":[0],"22":[0],"23":[1,1],"24":[1,1],"25":[1,1],"26":[1,1]}}
,"/Users/hariskurspahic/Desktop/Master/Semester_1/KV_Advanced_Service_Engineering/leasing-calculator/backend/src/services/pdf.service.ts": {"path":"/Users/hariskurspahic/Desktop/Master/Semester_1/KV_Advanced_Service_Engineering/leasing-calculator/backend/src/services/pdf.service.ts","statementMap":{"0":{"start":{"line":1,"column":0},"end":{"line":1,"column":33}},"1":{"start":{"line":6,"column":16},"end":{"line":6,"column":59}},"2":{"start":{"line":7,"column":4},"end":{"line":7,"column":18}},"3":{"start":{"line":9,"column":14},"end":{"line":9,"column":49}},"4":{"start":{"line":10,"column":20},"end":{"line":10,"column":56}},"5":{"start":{"line":12,"column":4},"end":{"line":12,"column":71}},"6":{"start":{"line":13,"column":4},"end":{"line":13,"column":19}},"7":{"start":{"line":14,"column":4},"end":{"line":14,"column":50}},"8":{"start":{"line":15,"column":4},"end":{"line":15,"column":79}},"9":{"start":{"line":16,"column":4},"end":{"line":16,"column":76}},"10":{"start":{"line":17,"column":4},"end":{"line":17,"column":45}},"11":{"start":{"line":18,"column":4},"end":{"line":18,"column":75}},"12":{"start":{"line":19,"column":4},"end":{"line":19,"column":85}},"13":{"start":{"line":20,"column":4},"end":{"line":20,"column":59}},"14":{"start":{"line":21,"column":4},"end":{"line":21,"column":36}},"15":{"start":{"line":22,"column":4},"end":{"line":22,"column":19}},"16":{"start":{"line":23,"column":4},"end":{"line":23,"column":102}},"17":{"start":{"line":25,"column":4},"end":{"line":25,"column":14}},"18":{"start":{"line":29,"column":16},"end":{"line":29,"column":59}},"19":{"start":{"line":30,"column":4},"end":{"line":30,"column":18}},"20":{"start":{"line":32,"column":14},"end":{"line":32,"column":54}},"21":{"start":{"line":34,"column":4},"end":{"line":34,"column":80}},"22":{"start":{"line":35,"column":4},"end":{"line":35,"column":19}},"23":{"start":{"line":36,"column":4},"end":{"line":36,"column":58}},"24":{"start":{"line":37,"column":4},"end":{"line":37,"column":66}},"25":{"start":{"line":38,"column":4},"end":{"line":38,"column":61}},"26":{"start":{"line":39,"column":4},"end":{"line":39,"column":64}},"27":{"start":{"line":40,"column":4},"end":{"line":40,"column":87}},"28":{"start":{"line":41,"column":4},"end":{"line":41,"column":78}},"29":{"start":{"line":42,"column":4},"end":{"line":42,"column":57}},"30":{"start":{"line":43,"column":4},"end":{"line":43,"column":19}},"31":{"start":{"line":44,"column":4},"end":{"line":44,"column":77}},"32":{"start":{"line":46,"column":4},"end":{"line":46,"column":14}},"33":{"start":{"line":4,"column":0},"end":{"line":4,"column":13}}},"fnMap":{"0":{"name":"(anonymous_1)","decl":{"start":{"line":5,"column":2},"end":{"line":5,"column":7}},"loc":{"start":{"line":5,"column":60},"end":{"line":26,"column":3}}},"1":{"name":"(anonymous_2)","decl":{"start":{"line":28,"column":2},"end":{"line":28,"column":7}},"loc":{"start":{"line":28,"column":70},"end":{"line":47,"column":3}}}},"branchMap":{"0":{"loc":{"start":{"line":42,"column":28},"end":{"line":42,"column":53}},"type":"cond-expr","locations":[{"start":{"line":42,"column":41},"end":{"line":42,"column":46}},{"start":{"line":42,"column":49},"end":{"line":42,"column":53}}]}},"s":{"0":1,"1":0,"2":0,"3":0,"4":0,"5":0,"6":0,"7":0,"8":0,"9":0,"10":0,"11":0,"12":0,"13":0,"14":0,"15":0,"16":0,"17":0,"18":0,"19":0,"20":0,"21":0,"22":0,"23":0,"24":0,"25":0,"26":0,"27":0,"28":0,"29":0,"30":0,"31":0,"32":0,"33":1},"f":{"0":0,"1":0},"b":{"0":[0,0]}}
,"/Users/hariskurspahic/Desktop/Master/Semester_1/KV_Advanced_Service_Engineering/leasing-calculator/backend/src/types/index.ts": {"path":"/Users/hariskurspahic/Desktop/Master/Semester_1/KV_Advanced_Service_Engineering/leasing-calculator/backend/src/types/index.ts","statementMap":{"0":{"start":{"line":1,"column":0},"end":{"line":1,"column":null}},"1":{"start":{"line":2,"column":2},"end":{"line":2,"column":null}},"2":{"start":{"line":3,"column":2},"end":{"line":3,"column":null}},"3":{"start":{"line":6,"column":0},"end":{"line":6,"column":null}},"4":{"start":{"line":7,"column":2},"end":{"line":7,"column":null}},"5":{"start":{"line":8,"column":2},"end":{"line":8,"column":null}},"6":{"start":{"line":9,"column":2},"end":{"line":9,"column":null}},"7":{"start":{"line":12,"column":0},"end":{"line":12,"column":null}},"8":{"start":{"line":13,"column":2},"end":{"line":13,"column":null}},"9":{"start":{"line":14,"column":2},"end":{"line":14,"column":null}},"10":{"start":{"line":15,"column":2},"end":{"line":15,"column":null}},"11":{"start":{"line":16,"column":2},"end":{"line":16,"column":null}},"12":{"start":{"line":17,"column":2},"end":{"line":17,"column":null}},"13":{"start":{"line":18,"column":2},"end":{"line":18,"column":null}}},"fnMap":{"0":{"name":"(anonymous_0)","decl":{"start":{"line":1,"column":0},"end":{"line":1,"column":12}},"loc":{"start":{"line":1,"column":16},"end":{"line":4,"column":1}}},"1":{"name":"(anonymous_1)","decl":{"start":{"line":6,"column":0},"end":{"line":6,"column":12}},"loc":{"start":{"line":6,"column":24},"end":{"line":10,"column":1}}},"2":{"name":"(anonymous_2)","decl":{"start":{"line":12,"column":0},"end":{"line":12,"column":12}},"loc":{"start":{"line":12,"column":26},"end":{"line":19,"column":1}}}},"branchMap":{"0":{"loc":{"start":{"line":1,"column":12},"end":{"line":1,"column":null}},"type":"binary-expr","locations":[{"start":{"line":1,"column":12},"end":{"line":1,"column":16}},{"start":{"line":1,"column":16},"end":{"line":1,"column":null}}]},"1":{"loc":{"start":{"line":6,"column":12},"end":{"line":6,"column":null}},"type":"binary-expr","locations":[{"start":{"line":6,"column":12},"end":{"line":6,"column":24}},{"start":{"line":6,"column":24},"end":{"line":6,"column":null}}]},"2":{"loc":{"start":{"line":12,"column":12},"end":{"line":12,"column":null}},"type":"binary-expr","locations":[{"start":{"line":12,"column":12},"end":{"line":12,"column":26}},{"start":{"line":12,"column":26},"end":{"line":12,"column":null}}]}},"s":{"0":1,"1":1,"2":1,"3":1,"4":1,"5":1,"6":1,"7":1,"8":1,"9":1,"10":1,"11":1,"12":1,"13":1},"f":{"0":1,"1":1,"2":1},"b":{"0":[1,1],"1":[1,1],"2":[1,1]}}
}
