TN:
SF:src/app.ts
FNF:0
FNH:0
DA:1,1
DA:2,1
DA:3,1
DA:4,1
DA:5,1
DA:6,1
DA:7,1
DA:8,1
DA:10,1
DA:12,1
DA:13,1
DA:14,1
DA:16,1
DA:33,1
DA:34,1
DA:35,1
DA:37,1
LF:17
LH:17
BRDA:13,0,0,1
BRDA:13,0,1,1
BRF:2
BRH:2
end_of_record
TN:
SF:src/controllers/admin.controller.ts
FN:8,listAllContracts
FN:13,getContractAdmin
FN:22,approveContract
FN:27,rejectContract
FN:37,getProfitability
FN:46,getDashboard
FN:51,getConfig
FN:56,updateConfig
FN:61,downloadProfitabilityPdf
FNF:9
FNH:4
FNDA:0,listAllContracts
FNDA:0,getContractAdmin
FNDA:1,approveContract
FNDA:1,rejectContract
FNDA:0,getProfitability
FNDA:1,getDashboard
FNDA:0,getConfig
FNDA:1,updateConfig
FNDA:0,downloadProfitabilityPdf
DA:2,1
DA:3,1
DA:5,1
DA:6,1
DA:8,1
DA:9,0
DA:10,0
DA:13,1
DA:14,0
DA:15,0
DA:16,0
DA:17,0
DA:19,0
DA:22,1
DA:23,1
DA:24,1
DA:27,1
DA:28,1
DA:29,1
DA:30,0
DA:31,0
DA:33,1
DA:34,1
DA:37,1
DA:38,0
DA:39,0
DA:40,0
DA:41,0
DA:43,0
DA:46,1
DA:47,1
DA:48,1
DA:51,1
DA:52,0
DA:53,0
DA:56,1
DA:57,1
DA:58,1
DA:61,1
DA:62,0
DA:63,0
DA:64,0
DA:65,0
DA:67,0
DA:68,0
DA:72,0
LF:46
LH:23
BRDA:15,0,0,0
BRDA:29,1,0,0
BRDA:39,2,0,0
BRDA:63,3,0,0
BRF:4
BRH:0
end_of_record
TN:
SF:src/controllers/auth.controller.ts
FN:10,register
FN:39,login
FNF:2
FNH:2
FNDA:2,register
FNDA:2,login
DA:2,1
DA:3,1
DA:4,1
DA:8,1
DA:10,1
DA:11,2
DA:13,2
DA:14,2
DA:15,1
DA:16,1
DA:19,1
DA:20,1
DA:30,1
DA:36,1
DA:39,1
DA:40,2
DA:42,2
DA:43,2
DA:44,1
DA:45,1
DA:48,1
DA:49,1
DA:50,0
DA:51,0
DA:54,1
DA:60,1
LF:26
LH:24
BRDA:14,0,0,1
BRDA:43,1,0,1
BRDA:49,2,0,0
BRF:3
BRH:2
end_of_record
TN:
SF:src/controllers/leasing.controller.ts
FN:8,getQuote
FN:13,applyForLease
FN:18,listContracts
FN:23,getContract
FN:32,getAmortizationSchedule
FN:41,getSecci
FN:50,downloadContractPdf
FN:61,submitCreditCheck
FNF:8
FNH:5
FNDA:2,getQuote
FNDA:1,applyForLease
FNDA:1,listContracts
FNDA:0,getContract
FNDA:0,getAmortizationSchedule
FNDA:1,getSecci
FNDA:0,downloadContractPdf
FNDA:2,submitCreditCheck
DA:2,1
DA:3,1
DA:5,1
DA:6,1
DA:8,1
DA:9,2
DA:10,1
DA:13,1
DA:14,1
DA:15,1
DA:18,1
DA:19,1
DA:20,1
DA:23,1
DA:24,0
DA:25,0
DA:26,0
DA:27,0
DA:29,0
DA:32,1
DA:33,0
DA:34,0
DA:35,0
DA:36,0
DA:38,0
DA:41,1
DA:42,1
DA:43,1
DA:44,0
DA:45,0
DA:47,1
DA:50,1
DA:51,0
DA:52,0
DA:53,0
DA:54,0
DA:56,0
DA:57,0
DA:58,0
DA:61,1
DA:62,2
DA:67,2
LF:42
LH:23
BRDA:25,0,0,0
BRDA:34,1,0,0
BRDA:43,2,0,0
BRDA:52,3,0,0
BRF:4
BRH:0
end_of_record
TN:
SF:src/controllers/vehicle.controller.ts
FN:7,listVehicles
FN:14,getVehicle
FNF:2
FNH:2
FNDA:1,listVehicles
FNDA:2,getVehicle
DA:2,1
DA:3,1
DA:5,1
DA:7,1
DA:8,1
DA:11,1
DA:14,1
DA:15,2
DA:18,2
DA:19,1
DA:20,1
DA:23,1
DA:29,1
LF:13
LH:13
BRDA:18,0,0,1
BRF:1
BRH:1
end_of_record
TN:
SF:src/engine/AmortizationSchedule.ts
FN:6,generateSchedule
FNF:1
FNH:1
FNDA:15,generateSchedule
DA:1,3
DA:6,3
DA:13,15
DA:14,15
DA:15,15
DA:17,15
DA:22,540
DA:23,540
DA:24,540
DA:26,540
DA:35,540
DA:38,15
LF:12
LH:12
BRF:0
BRH:0
end_of_record
TN:
SF:src/engine/EffectiveRateCalculator.ts
FN:5,calculateEffectiveRate
FNF:1
FNH:1
FNDA:11,calculateEffectiveRate
DA:1,2
DA:5,2
DA:12,11
DA:14,11
DA:15,36
DA:16,36
DA:18,36
DA:19,1776
DA:20,1776
DA:21,1776
DA:24,36
DA:25,36
DA:26,36
DA:28,36
DA:29,36
DA:30,36
DA:32,36
DA:33,25
DA:37,11
LF:19
LH:19
BRDA:10,0,0,1
BRDA:32,1,0,11
BRF:2
BRH:2
end_of_record
TN:
SF:src/engine/LeasingEngine.ts
FN:7,calculateGIK
FN:16,calculateNominalRate
FN:30,calculateFullAmortizationPayment
FN:48,calculatePartialAmortizationPayment
FN:73,calculateOperatingLeaseResidual
FN:77,calculateContractStampDuty
FN:100,validateTermMonths
FN:108,validateAdvancePayment
FN:114,validateOwnContribution
FNF:9
FNH:9
FNDA:6,calculateGIK
FNDA:4,calculateNominalRate
FNDA:8,calculateFullAmortizationPayment
FNDA:2,calculatePartialAmortizationPayment
FNDA:4,calculateOperatingLeaseResidual
FNDA:3,calculateContractStampDuty
FNDA:7,validateTermMonths
FNDA:5,validateAdvancePayment
FNDA:4,validateOwnContribution
DA:1,2
DA:7,2
DA:8,6
DA:16,2
DA:17,4
DA:30,2
DA:35,8
DA:36,8
DA:37,8
DA:40,8
DA:42,8
DA:44,8
DA:48,2
DA:54,2
DA:55,2
DA:56,2
DA:58,2
DA:59,2
DA:62,2
DA:65,2
DA:67,2
DA:71,2
DA:73,2
DA:74,4
DA:77,2
DA:82,3
DA:83,1
DA:86,2
DA:90,2
DA:100,2
DA:101,7
DA:102,7
DA:103,7
DA:104,6
DA:105,5
DA:108,2
DA:109,5
DA:110,5
DA:111,3
DA:114,2
DA:120,4
DA:121,4
DA:122,4
DA:123,3
LF:44
LH:44
BRDA:11,0,0,6
BRDA:11,0,1,5
BRDA:82,1,0,1
BRDA:86,2,0,2
BRDA:86,2,1,1
BRDA:103,3,0,1
BRDA:104,4,0,1
BRDA:110,5,0,2
BRDA:122,6,0,1
BRF:9
BRH:9
end_of_record
TN:
SF:src/engine/NovaCalculator.ts
FN:6,calculateNoVA
FNF:1
FNH:1
FNDA:15,calculateNoVA
DA:1,2
DA:6,2
DA:11,15
DA:12,1
DA:15,14
DA:17,14
DA:18,14
DA:19,14
DA:21,14
DA:25,14
DA:28,14
DA:31,14
DA:35,14
LF:13
LH:13
BRDA:11,0,0,1
BRDA:11,1,0,15
BRDA:11,1,1,12
BRDA:15,2,0,11
BRDA:15,2,1,3
BRDA:15,3,0,2
BRDA:15,3,1,1
BRDA:31,4,0,1
BRDA:31,4,1,13
BRF:9
BRH:9
end_of_record
TN:
SF:src/engine/ProfitabilityEngine.ts
FN:4,calculateProfitability
FN:21,(anonymous_2)
FNF:2
FNH:2
FNDA:9,calculateProfitability
FNDA:432,(anonymous_2)
DA:1,2
DA:4,2
DA:15,9
DA:20,9
DA:21,432
DA:24,9
DA:31,9
DA:33,9
DA:38,9
DA:43,9
DA:44,9
DA:45,9
DA:47,9
LF:13
LH:13
BRF:0
BRH:0
end_of_record
TN:
SF:src/middleware/auth.ts
FN:13,authenticate
FN:30,requireRole
FN:31,(anonymous_3)
FNF:3
FNH:3
FNDA:17,authenticate
FNDA:16,requireRole
FNDA:15,(anonymous_3)
DA:2,1
DA:13,1
DA:14,17
DA:15,17
DA:16,2
DA:17,2
DA:20,15
DA:21,15
DA:22,15
DA:23,15
DA:24,15
DA:26,0
DA:30,1
DA:31,16
DA:32,15
DA:33,1
DA:34,1
DA:36,14
LF:18
LH:17
BRDA:15,0,0,2
BRDA:32,1,0,1
BRDA:32,2,0,15
BRDA:32,2,1,15
BRF:4
BRH:4
end_of_record
TN:
SF:src/middleware/errorHandler.ts
FN:3,errorHandler
FNF:1
FNH:1
FNDA:1,errorHandler
DA:3,1
DA:9,1
DA:10,1
LF:3
LH:3
BRDA:9,0,0,0
BRDA:10,1,0,1
BRDA:10,1,1,0
BRF:3
BRH:1
end_of_record
TN:
SF:src/middleware/validate.ts
FN:4,validateBody
FN:5,(anonymous_1)
FN:16,validateQuery
FN:17,(anonymous_3)
FNF:4
FNH:2
FNDA:7,validateBody
FNDA:22,(anonymous_1)
FNDA:0,validateQuery
FNDA:0,(anonymous_3)
DA:4,1
DA:5,7
DA:6,22
DA:7,22
DA:8,11
DA:9,11
DA:11,11
DA:12,11
DA:16,1
DA:17,0
DA:18,0
DA:19,0
DA:20,0
DA:21,0
DA:23,0
LF:15
LH:9
BRDA:7,0,0,11
BRDA:19,1,0,0
BRF:2
BRH:1
end_of_record
TN:
SF:src/routes/index.ts
FNF:0
FNH:0
DA:1,1
DA:2,1
DA:3,1
DA:4,1
DA:5,1
DA:6,1
DA:7,1
DA:8,1
DA:9,1
DA:19,1
DA:60,1
DA:84,1
DA:98,1
DA:117,1
DA:147,1
DA:171,1
DA:191,1
DA:212,1
DA:231,1
DA:255,1
DA:277,1
DA:314,1
DA:342,1
DA:361,1
DA:380,1
DA:415,1
DA:440,1
DA:467,1
DA:486,1
DA:523,1
DA:524,1
DA:532,1
LF:32
LH:32
BRF:0
BRH:0
end_of_record
TN:
SF:src/schemas/index.ts
FN:53,(anonymous_0)
FN:57,(anonymous_1)
FNF:2
FNH:2
FNDA:8,(anonymous_0)
FNDA:3,(anonymous_1)
DA:1,1
DA:2,1
DA:4,1
DA:11,1
DA:16,1
DA:25,1
DA:27,1
DA:35,1
DA:39,1
DA:50,1
DA:53,8
DA:57,3
LF:12
LH:12
BRF:0
BRH:0
end_of_record
TN:
SF:src/services/admin.service.ts
FN:19,(anonymous_0)
FN:30,(anonymous_1)
FN:43,(anonymous_2)
FN:50,(anonymous_3)
FN:60,(anonymous_4)
FN:72,(anonymous_5)
FN:102,(anonymous_6)
FN:109,(anonymous_7)
FN:116,(anonymous_8)
FN:124,(anonymous_9)
FN:126,(anonymous_10)
FN:129,(anonymous_11)
FN:131,(anonymous_12)
FN:132,(anonymous_13)
FN:133,(anonymous_14)
FN:147,(anonymous_15)
FN:151,(anonymous_16)
FN:155,(anonymous_17)
FN:158,(anonymous_18)
FN:160,(anonymous_19)
FN:161,(anonymous_20)
FNF:21
FNH:9
FNDA:0,(anonymous_0)
FNDA:0,(anonymous_1)
FNDA:1,(anonymous_2)
FNDA:8,(anonymous_3)
FNDA:48,(anonymous_4)
FNDA:1,(anonymous_5)
FNDA:1,(anonymous_6)
FNDA:0,(anonymous_7)
FNDA:1,(anonymous_8)
FNDA:0,(anonymous_9)
FNDA:0,(anonymous_10)
FNDA:0,(anonymous_11)
FNDA:0,(anonymous_12)
FNDA:0,(anonymous_13)
FNDA:0,(anonymous_14)
FNDA:0,(anonymous_15)
FNDA:0,(anonymous_16)
FNDA:0,(anonymous_17)
FNDA:1,(anonymous_18)
FNDA:1,(anonymous_19)
FNDA:1,(anonymous_20)
DA:1,1
DA:2,1
DA:3,1
DA:5,1
DA:7,1
DA:18,1
DA:20,0
DA:21,0
DA:23,0
DA:31,0
DA:44,1
DA:49,1
DA:50,8
DA:52,1
DA:60,48
DA:72,1
DA:73,1
DA:82,1
DA:98,1
DA:103,1
DA:110,0
DA:117,1
DA:122,1
DA:124,1
DA:125,1
DA:126,0
DA:128,1
DA:129,0
DA:131,1
DA:132,1
DA:133,1
DA:135,1
DA:140,1
DA:147,0
DA:152,0
DA:155,0
DA:159,1
DA:160,1
DA:162,1
DA:168,1
LF:40
LH:30
BRDA:21,0,0,0
BRDA:68,1,0,1
BRDA:68,1,1,0
BRDA:125,2,0,0
BRDA:125,2,1,1
BRDA:128,3,0,0
BRDA:128,3,1,1
BRF:7
BRH:3
end_of_record
TN:
SF:src/services/leasing.service.ts
FN:22,(anonymous_1)
FN:25,(anonymous_2)
FN:29,(anonymous_3)
FN:123,(anonymous_4)
FN:135,(anonymous_5)
FN:161,(anonymous_6)
FN:176,(anonymous_7)
FN:184,(anonymous_8)
FN:191,(anonymous_9)
FN:203,(anonymous_10)
FN:236,(anonymous_11)
FNF:11
FNH:9
FNDA:4,(anonymous_1)
FNDA:32,(anonymous_2)
FNDA:3,(anonymous_3)
FNDA:1,(anonymous_4)
FNDA:1,(anonymous_5)
FNDA:48,(anonymous_6)
FNDA:1,(anonymous_7)
FNDA:0,(anonymous_8)
FNDA:0,(anonymous_9)
FNDA:1,(anonymous_10)
FNDA:2,(anonymous_11)
DA:1,1
DA:2,1
DA:3,1
DA:14,1
DA:15,1
DA:16,1
DA:17,1
DA:19,1
DA:21,1
DA:23,4
DA:24,4
DA:25,32
DA:30,3
DA:31,3
DA:33,3
DA:34,3
DA:36,3
DA:43,3
DA:44,3
DA:46,3
DA:47,3
DA:49,2
DA:55,2
DA:57,2
DA:67,2
DA:71,2
DA:76,2
DA:77,2
DA:79,0
DA:87,2
DA:95,2
DA:103,2
DA:104,2
DA:105,2
DA:108,2
DA:124,1
DA:125,1
DA:127,1
DA:131,1
DA:135,1
DA:136,1
DA:160,1
DA:161,48
DA:172,1
DA:177,1
DA:185,0
DA:192,0
DA:195,0
DA:197,0
DA:204,1
DA:208,1
DA:210,1
DA:247,2
DA:250,2
DA:253,2
DA:254,2
DA:256,2
LF:57
LH:52
BRDA:44,0,0,0
BRDA:47,1,0,1
BRDA:51,2,0,2
BRDA:51,2,1,0
BRDA:55,3,0,0
BRDA:58,4,0,2
BRDA:58,4,1,0
BRDA:59,5,0,2
BRDA:59,5,1,0
BRDA:60,6,0,2
BRDA:60,6,1,0
BRDA:61,7,0,2
BRDA:61,7,1,0
BRDA:62,8,0,2
BRDA:62,8,1,0
BRDA:63,9,0,2
BRDA:63,9,1,0
BRDA:64,10,0,2
BRDA:64,10,1,0
BRDA:71,11,0,0
BRDA:71,11,1,2
BRDA:76,12,0,2
BRDA:76,12,1,0
BRDA:118,13,0,2
BRDA:118,13,1,2
BRDA:131,14,0,0
BRDA:131,14,1,1
BRDA:149,15,0,1
BRDA:149,15,1,0
BRDA:150,16,0,1
BRDA:150,16,1,0
BRDA:151,17,0,1
BRDA:151,17,1,0
BRDA:152,18,0,1
BRDA:152,18,1,0
BRDA:153,19,0,1
BRDA:153,19,1,0
BRDA:195,20,0,0
BRDA:208,21,0,0
BRDA:250,22,0,0
BRDA:266,23,0,1
BRDA:266,23,1,1
BRDA:268,24,0,1
BRDA:268,24,1,1
BRDA:276,25,0,1
BRDA:276,25,1,1
BRDA:278,26,0,1
BRDA:278,26,1,1
BRF:48
BRH:27
end_of_record
TN:
SF:src/services/pdf.service.ts
FN:5,(anonymous_1)
FN:28,(anonymous_2)
FNF:2
FNH:0
FNDA:0,(anonymous_1)
FNDA:0,(anonymous_2)
DA:1,1
DA:4,1
DA:6,0
DA:7,0
DA:9,0
DA:10,0
DA:12,0
DA:13,0
DA:14,0
DA:15,0
DA:16,0
DA:17,0
DA:18,0
DA:19,0
DA:20,0
DA:21,0
DA:22,0
DA:23,0
DA:25,0
DA:29,0
DA:30,0
DA:32,0
DA:34,0
DA:35,0
DA:36,0
DA:37,0
DA:38,0
DA:39,0
DA:40,0
DA:41,0
DA:42,0
DA:43,0
DA:44,0
DA:46,0
LF:34
LH:2
BRDA:42,0,0,0
BRDA:42,0,1,0
BRF:2
BRH:0
end_of_record
TN:
SF:src/types/index.ts
FN:1,(anonymous_0)
FN:6,(anonymous_1)
FN:12,(anonymous_2)
FNF:3
FNH:3
FNDA:1,(anonymous_0)
FNDA:1,(anonymous_1)
FNDA:1,(anonymous_2)
DA:1,1
DA:2,1
DA:3,1
DA:6,1
DA:7,1
DA:8,1
DA:9,1
DA:12,1
DA:13,1
DA:14,1
DA:15,1
DA:16,1
DA:17,1
DA:18,1
LF:14
LH:14
BRDA:1,0,0,1
BRDA:1,0,1,1
BRDA:6,1,0,1
BRDA:6,1,1,1
BRDA:12,2,0,1
BRDA:12,2,1,1
BRF:6
BRH:6
end_of_record
